TpTrace Verbose: 0 : 26208, 1, 2023/03/09, 10:33:48.438, 828534619279, vstest.console.dll, Version: 17.4.0-release-20221019-01 Current process architecture: X64
TpTrace Verbose: 0 : 26208, 1, 2023/03/09, 10:33:48.441, 828534648995, vstest.console.dll, Runtime location: C:\Program Files\dotnet\shared\Microsoft.NETCore.App\7.0.2
TpTrace Verbose: 0 : 26208, 1, 2023/03/09, 10:33:48.446, 828534697833, vstest.console.dll, ArtifactProcessingPostProcessModeProcessorExecutor.Initialize: ArtifactProcessingMode.Collect
TpTrace Verbose: 0 : 26208, 1, 2023/03/09, 10:33:48.447, 828534700136, vstest.console.dll, TestSessionCorrelationIdProcessorModeProcessorExecutor.Initialize: TestSessionCorrelationId '26676_883ae17f-e7fb-4fd9-94bf-547907fc4d7c'
TpTrace Information: 0 : 26208, 1, 2023/03/09, 10:33:48.465, 828534886665, vstest.console.dll, FilePatternParser: The given file C:\Users\Decadev\Desktop\My Weekly Task\Bank Model\BankAppNUnitTest\bin\Debug\net7.0\fine-code-coverage\build-output\BankAppNUnitTest.dll is a full path.
TpTrace Verbose: 0 : 26208, 1, 2023/03/09, 10:33:48.477, 828535006680, vstest.console.dll, TestPluginCache.DiscoverTestExtensions: finding test extensions in assemblies ends with: RuntimeProvider.dll TPluginInfo: Microsoft.VisualStudio.TestPlatform.Common.ExtensionFramework.Utilities.TestRuntimePluginInformation TExtension: Microsoft.VisualStudio.TestPlatform.ObjectModel.Host.ITestRuntimeProvider
TpTrace Verbose: 0 : 26208, 1, 2023/03/09, 10:33:48.478, 828535010662, vstest.console.dll, TestPluginCache.GetExtensionPaths: Filtered extension paths: 
TpTrace Verbose: 0 : 26208, 1, 2023/03/09, 10:33:48.478, 828535011960, vstest.console.dll, TestPluginCache.GetExtensionPaths: Added default extension paths: C:\Program Files\dotnet\sdk\7.0.102\Extensions\Microsoft.Diagnostics.NETCore.Client.dll
C:\Program Files\dotnet\sdk\7.0.102\Extensions\Microsoft.TestPlatform.Extensions.BlameDataCollector.dll
C:\Program Files\dotnet\sdk\7.0.102\Extensions\Microsoft.TestPlatform.Extensions.EventLogCollector.dll
C:\Program Files\dotnet\sdk\7.0.102\Extensions\Microsoft.TestPlatform.TestHostRuntimeProvider.dll
C:\Program Files\dotnet\sdk\7.0.102\Extensions\Microsoft.VisualStudio.TestPlatform.Extensions.Html.TestLogger.dll
C:\Program Files\dotnet\sdk\7.0.102\Extensions\Microsoft.VisualStudio.TestPlatform.Extensions.Trx.TestLogger.dll
TpTrace Verbose: 0 : 26208, 1, 2023/03/09, 10:33:48.478, 828535012682, vstest.console.dll, TestPluginCache.GetExtensionPaths: Added unfilterableExtensionPaths: 
TpTrace Information: 0 : 26208, 1, 2023/03/09, 10:33:48.479, 828535024222, vstest.console.dll, AssemblyResolver.ctor: Creating AssemblyResolver with searchDirectories C:\Program Files\dotnet\sdk\7.0.102\Extensions,C:\Program Files\dotnet\sdk\7.0.102
TpTrace Verbose: 0 : 26208, 1, 2023/03/09, 10:33:48.481, 828535041359, vstest.console.dll, TestPluginCache.DiscoverTestExtensions: Discovering the extensions using extension path.
TpTrace Verbose: 0 : 26208, 1, 2023/03/09, 10:33:48.481, 828535043041, vstest.console.dll, TestPluginCache.GetExtensionPaths: Filtered extension paths: 
TpTrace Verbose: 0 : 26208, 1, 2023/03/09, 10:33:48.481, 828535043574, vstest.console.dll, TestPluginCache.GetExtensionPaths: Added default extension paths: C:\Program Files\dotnet\sdk\7.0.102\Extensions\Microsoft.Diagnostics.NETCore.Client.dll
C:\Program Files\dotnet\sdk\7.0.102\Extensions\Microsoft.TestPlatform.Extensions.BlameDataCollector.dll
C:\Program Files\dotnet\sdk\7.0.102\Extensions\Microsoft.TestPlatform.Extensions.EventLogCollector.dll
C:\Program Files\dotnet\sdk\7.0.102\Extensions\Microsoft.TestPlatform.TestHostRuntimeProvider.dll
C:\Program Files\dotnet\sdk\7.0.102\Extensions\Microsoft.VisualStudio.TestPlatform.Extensions.Html.TestLogger.dll
C:\Program Files\dotnet\sdk\7.0.102\Extensions\Microsoft.VisualStudio.TestPlatform.Extensions.Trx.TestLogger.dll
TpTrace Verbose: 0 : 26208, 1, 2023/03/09, 10:33:48.481, 828535044014, vstest.console.dll, TestPluginCache.GetExtensionPaths: Added unfilterableExtensionPaths: 
TpTrace Verbose: 0 : 26208, 1, 2023/03/09, 10:33:48.481, 828535045016, vstest.console.dll, TestPluginCache.DiscoverTestExtensions: Discovering the extensions using allExtensionPaths: C:\Program Files\dotnet\sdk\7.0.102\Extensions\Microsoft.Diagnostics.NETCore.Client.dll
C:\Program Files\dotnet\sdk\7.0.102\Extensions\Microsoft.TestPlatform.Extensions.BlameDataCollector.dll
C:\Program Files\dotnet\sdk\7.0.102\Extensions\Microsoft.TestPlatform.Extensions.EventLogCollector.dll
C:\Program Files\dotnet\sdk\7.0.102\Extensions\Microsoft.TestPlatform.TestHostRuntimeProvider.dll
C:\Program Files\dotnet\sdk\7.0.102\Extensions\Microsoft.VisualStudio.TestPlatform.Extensions.Html.TestLogger.dll
C:\Program Files\dotnet\sdk\7.0.102\Extensions\Microsoft.VisualStudio.TestPlatform.Extensions.Trx.TestLogger.dll
TpTrace Information: 0 : 26208, 1, 2023/03/09, 10:33:48.481, 828535046691, vstest.console.dll, AssemblyResolver.AddSearchDirectories: Adding more searchDirectories C:\Program Files\dotnet\sdk\7.0.102\Extensions,C:\Program Files\dotnet\sdk\7.0.102
TpTrace Information: 0 : 26208, 1, 2023/03/09, 10:33:48.481, 828535047360, vstest.console.dll, AssemblyResolver.AddSearchDirectories: Adding more searchDirectories C:\Program Files\dotnet\sdk\7.0.102\Extensions,C:\Program Files\dotnet\sdk\7.0.102
TpTrace Information: 0 : 26208, 1, 2023/03/09, 10:33:48.481, 828535047716, vstest.console.dll, AssemblyResolver.AddSearchDirectories: Adding more searchDirectories C:\Program Files\dotnet\sdk\7.0.102\Extensions,C:\Program Files\dotnet\sdk\7.0.102
TpTrace Information: 0 : 26208, 1, 2023/03/09, 10:33:48.481, 828535048140, vstest.console.dll, AssemblyResolver.AddSearchDirectories: Adding more searchDirectories C:\Program Files\dotnet\sdk\7.0.102\Extensions,C:\Program Files\dotnet\sdk\7.0.102
TpTrace Information: 0 : 26208, 1, 2023/03/09, 10:33:48.481, 828535048436, vstest.console.dll, AssemblyResolver.AddSearchDirectories: Adding more searchDirectories C:\Program Files\dotnet\sdk\7.0.102\Extensions,C:\Program Files\dotnet\sdk\7.0.102
TpTrace Information: 0 : 26208, 1, 2023/03/09, 10:33:48.481, 828535048720, vstest.console.dll, AssemblyResolver.AddSearchDirectories: Adding more searchDirectories C:\Program Files\dotnet\sdk\7.0.102\Extensions,C:\Program Files\dotnet\sdk\7.0.102
TpTrace Information: 0 : 26208, 1, 2023/03/09, 10:33:48.482, 828535053574, vstest.console.dll, AssemblyResolver.OnResolve: Microsoft.Diagnostics.NETCore.Client: Resolving assembly.
TpTrace Information: 0 : 26208, 1, 2023/03/09, 10:33:48.482, 828535054338, vstest.console.dll, AssemblyResolver.OnResolve: Microsoft.Diagnostics.NETCore.Client: Searching in: 'C:\Program Files\dotnet\sdk\7.0.102\Extensions'.
TpTrace Information: 0 : 26208, 1, 2023/03/09, 10:33:48.493, 828535167243, vstest.console.dll, AssemblyResolver.OnResolve: Microsoft.Diagnostics.NETCore.Client: Loading assembly 'C:\Program Files\dotnet\sdk\7.0.102\Extensions\Microsoft.Diagnostics.NETCore.Client.dll'.
TpTrace Information: 0 : 26208, 1, 2023/03/09, 10:33:48.494, 828535176730, vstest.console.dll, AssemblyResolver.OnResolve: Resolved assembly: Microsoft.Diagnostics.NETCore.Client, from path: C:\Program Files\dotnet\sdk\7.0.102\Extensions\Microsoft.Diagnostics.NETCore.Client.dll
TpTrace Verbose: 0 : 26208, 1, 2023/03/09, 10:33:48.495, 828535189327, vstest.console.dll, MetadataReaderExtensionsHelper: Discovering extensions inside assembly 'Microsoft.Diagnostics.NETCore.Client, Version=0.2.6.42401, Culture=neutral, PublicKeyToken=31bf3856ad364e35' file path 'C:\Program Files\dotnet\sdk\7.0.102\Extensions\Microsoft.Diagnostics.NETCore.Client.dll'
TpTrace Information: 0 : 26208, 1, 2023/03/09, 10:33:48.500, 828535234920, vstest.console.dll, AssemblyResolver.OnResolve: Microsoft.Bcl.AsyncInterfaces: Resolving assembly.
TpTrace Information: 0 : 26208, 1, 2023/03/09, 10:33:48.500, 828535235783, vstest.console.dll, AssemblyResolver.OnResolve: Microsoft.Bcl.AsyncInterfaces: Searching in: 'C:\Program Files\dotnet\sdk\7.0.102\Extensions'.
TpTrace Information: 0 : 26208, 1, 2023/03/09, 10:33:48.500, 828535236460, vstest.console.dll, AssemblyResolver.OnResolve: Microsoft.Bcl.AsyncInterfaces: Assembly path does not exist: 'C:\Program Files\dotnet\sdk\7.0.102\Extensions\Microsoft.Bcl.AsyncInterfaces.dll', returning.
TpTrace Information: 0 : 26208, 1, 2023/03/09, 10:33:48.500, 828535237577, vstest.console.dll, AssemblyResolver.OnResolve: Microsoft.Bcl.AsyncInterfaces: Assembly path does not exist: 'C:\Program Files\dotnet\sdk\7.0.102\Extensions\Microsoft.Bcl.AsyncInterfaces.exe', returning.
TpTrace Information: 0 : 26208, 1, 2023/03/09, 10:33:48.500, 828535237911, vstest.console.dll, AssemblyResolver.OnResolve: Microsoft.Bcl.AsyncInterfaces: Searching in: 'C:\Program Files\dotnet\sdk\7.0.102'.
TpTrace Information: 0 : 26208, 1, 2023/03/09, 10:33:48.500, 828535238400, vstest.console.dll, AssemblyResolver.OnResolve: Microsoft.Bcl.AsyncInterfaces: Assembly path does not exist: 'C:\Program Files\dotnet\sdk\7.0.102\Microsoft.Bcl.AsyncInterfaces.dll', returning.
TpTrace Information: 0 : 26208, 1, 2023/03/09, 10:33:48.500, 828535238846, vstest.console.dll, AssemblyResolver.OnResolve: Microsoft.Bcl.AsyncInterfaces: Assembly path does not exist: 'C:\Program Files\dotnet\sdk\7.0.102\Microsoft.Bcl.AsyncInterfaces.exe', returning.
TpTrace Information: 0 : 26208, 1, 2023/03/09, 10:33:48.500, 828535239077, vstest.console.dll, AssemblyResolver.OnResolve: Microsoft.Bcl.AsyncInterfaces: Failed to load assembly.
TpTrace Verbose: 0 : 26208, 1, 2023/03/09, 10:33:48.500, 828535239345, vstest.console.dll, CurrentDomainAssemblyResolve: Resolving assembly 'Microsoft.Bcl.AsyncInterfaces'.
TpTrace Information: 0 : 26208, 1, 2023/03/09, 10:33:48.501, 828535239836, vstest.console.dll, AssemblyResolver.OnResolve: Microsoft.Bcl.AsyncInterfaces: Resolving assembly.
TpTrace Information: 0 : 26208, 1, 2023/03/09, 10:33:48.501, 828535240348, vstest.console.dll, AssemblyResolver.OnResolve: Microsoft.Bcl.AsyncInterfaces: Resolved from cache.
TpTrace Verbose: 0 : 26208, 1, 2023/03/09, 10:33:48.501, 828535240543, vstest.console.dll, CurrentDomainAssemblyResolve: Resolving assembly 'Microsoft.Bcl.AsyncInterfaces'.
TpTrace Verbose: 0 : 26208, 1, 2023/03/09, 10:33:48.501, 828535240788, vstest.console.dll, CurrentDomainAssemblyResolve: Failed to resolve assembly 'Microsoft.Bcl.AsyncInterfaces'.
TpTrace Verbose: 0 : 26208, 1, 2023/03/09, 10:33:48.501, 828535248147, vstest.console.dll, CurrentDomainAssemblyResolve: Failed to resolve assembly 'Microsoft.Bcl.AsyncInterfaces'.
TpTrace Warning: 0 : 26208, 1, 2023/03/09, 10:33:48.509, 828535322263, vstest.console.dll, TestPluginDiscoverer: Failed to get types from assembly 'Microsoft.Diagnostics.NETCore.Client, Version=0.2.6.42401, Culture=neutral, PublicKeyToken=31bf3856ad364e35'. Error: System.Reflection.ReflectionTypeLoadException: Unable to load one or more of the requested types.
Could not load file or assembly 'Microsoft.Bcl.AsyncInterfaces, Version=1.0.0.0, Culture=neutral, PublicKeyToken=cc7b13ffcd2ddd51'. The system cannot find the file specified.
   at System.Reflection.RuntimeModule.GetTypes(RuntimeModule module)
   at System.Reflection.Assembly.GetTypes()
   at Microsoft.VisualStudio.TestPlatform.Common.ExtensionFramework.TestPluginDiscoverer.GetTestExtensionsFromAssembly[TPluginInfo,TExtension](Assembly assembly, Dictionary`2 pluginInfos, String filePath)
System.IO.FileNotFoundException: Could not load file or assembly 'Microsoft.Bcl.AsyncInterfaces, Version=1.0.0.0, Culture=neutral, PublicKeyToken=cc7b13ffcd2ddd51'. The system cannot find the file specified.
File name: 'Microsoft.Bcl.AsyncInterfaces, Version=1.0.0.0, Culture=neutral, PublicKeyToken=cc7b13ffcd2ddd51'
 ---> System.IO.FileNotFoundException: Could not load file or assembly 'Microsoft.Bcl.AsyncInterfaces, Culture=neutral, PublicKeyToken=null'. The system cannot find the file specified.
File name: 'Microsoft.Bcl.AsyncInterfaces, Culture=neutral, PublicKeyToken=null'
   at System.Reflection.RuntimeAssembly.InternalLoad(AssemblyName assemblyName, StackCrawlMark& stackMark, AssemblyLoadContext assemblyLoadContext, RuntimeAssembly requestingAssembly, Boolean throwOnFileNotFound)
   at System.Reflection.Assembly.Load(AssemblyName assemblyRef)
   at Microsoft.VisualStudio.TestPlatform.Common.ExtensionFramework.TestPluginCache.CurrentDomainAssemblyResolve(Object sender, AssemblyResolveEventArgs args)
   at System.Runtime.Loader.AssemblyLoadContext.GetFirstResolvedAssemblyFromResolvingEvent(AssemblyName assemblyName)
   at System.Runtime.Loader.AssemblyLoadContext.ResolveUsingEvent(AssemblyName assemblyName)
   at System.Runtime.Loader.AssemblyLoadContext.ResolveUsingResolvingEvent(IntPtr gchManagedAssemblyLoadContext, AssemblyName assemblyName)
TpTrace Warning: 0 : 26208, 1, 2023/03/09, 10:33:48.509, 828535326505, vstest.console.dll, LoaderExceptions: System.IO.FileNotFoundException: Could not load file or assembly 'Microsoft.Bcl.AsyncInterfaces, Version=1.0.0.0, Culture=neutral, PublicKeyToken=cc7b13ffcd2ddd51'. The system cannot find the file specified.
File name: 'Microsoft.Bcl.AsyncInterfaces, Version=1.0.0.0, Culture=neutral, PublicKeyToken=cc7b13ffcd2ddd51'
 ---> System.IO.FileNotFoundException: Could not load file or assembly 'Microsoft.Bcl.AsyncInterfaces, Culture=neutral, PublicKeyToken=null'. The system cannot find the file specified.
File name: 'Microsoft.Bcl.AsyncInterfaces, Culture=neutral, PublicKeyToken=null'
   at System.Reflection.RuntimeAssembly.InternalLoad(AssemblyName assemblyName, StackCrawlMark& stackMark, AssemblyLoadContext assemblyLoadContext, RuntimeAssembly requestingAssembly, Boolean throwOnFileNotFound)
   at System.Reflection.Assembly.Load(AssemblyName assemblyRef)
   at Microsoft.VisualStudio.TestPlatform.Common.ExtensionFramework.TestPluginCache.CurrentDomainAssemblyResolve(Object sender, AssemblyResolveEventArgs args)
   at System.Runtime.Loader.AssemblyLoadContext.GetFirstResolvedAssemblyFromResolvingEvent(AssemblyName assemblyName)
   at System.Runtime.Loader.AssemblyLoadContext.ResolveUsingEvent(AssemblyName assemblyName)
   at System.Runtime.Loader.AssemblyLoadContext.ResolveUsingResolvingEvent(IntPtr gchManagedAssemblyLoadContext, AssemblyName assemblyName)
TpTrace Information: 0 : 26208, 1, 2023/03/09, 10:33:48.509, 828535328493, vstest.console.dll, AssemblyResolver.OnResolve: Microsoft.TestPlatform.Extensions.BlameDataCollector: Resolving assembly.
TpTrace Information: 0 : 26208, 1, 2023/03/09, 10:33:48.509, 828535328894, vstest.console.dll, AssemblyResolver.OnResolve: Microsoft.TestPlatform.Extensions.BlameDataCollector: Searching in: 'C:\Program Files\dotnet\sdk\7.0.102\Extensions'.
TpTrace Information: 0 : 26208, 1, 2023/03/09, 10:33:48.510, 828535334680, vstest.console.dll, AssemblyResolver.OnResolve: Microsoft.TestPlatform.Extensions.BlameDataCollector: Loading assembly 'C:\Program Files\dotnet\sdk\7.0.102\Extensions\Microsoft.TestPlatform.Extensions.BlameDataCollector.dll'.
TpTrace Information: 0 : 26208, 1, 2023/03/09, 10:33:48.511, 828535341104, vstest.console.dll, AssemblyResolver.OnResolve: Resolved assembly: Microsoft.TestPlatform.Extensions.BlameDataCollector, from path: C:\Program Files\dotnet\sdk\7.0.102\Extensions\Microsoft.TestPlatform.Extensions.BlameDataCollector.dll
TpTrace Verbose: 0 : 26208, 1, 2023/03/09, 10:33:48.511, 828535342660, vstest.console.dll, MetadataReaderExtensionsHelper: Discovering extensions inside assembly 'Microsoft.TestPlatform.Extensions.BlameDataCollector, Version=15.0.0.0, Culture=neutral, PublicKeyToken=b03f5f7f11d50a3a' file path 'C:\Program Files\dotnet\sdk\7.0.102\Extensions\Microsoft.TestPlatform.Extensions.BlameDataCollector.dll'
TpTrace Information: 0 : 26208, 1, 2023/03/09, 10:33:48.513, 828535360945, vstest.console.dll, AssemblyResolver.OnResolve: Microsoft.TestPlatform.Extensions.EventLogCollector: Resolving assembly.
TpTrace Information: 0 : 26208, 1, 2023/03/09, 10:33:48.513, 828535361847, vstest.console.dll, AssemblyResolver.OnResolve: Microsoft.TestPlatform.Extensions.EventLogCollector: Searching in: 'C:\Program Files\dotnet\sdk\7.0.102\Extensions'.
TpTrace Information: 0 : 26208, 1, 2023/03/09, 10:33:48.513, 828535366640, vstest.console.dll, AssemblyResolver.OnResolve: Microsoft.TestPlatform.Extensions.EventLogCollector: Loading assembly 'C:\Program Files\dotnet\sdk\7.0.102\Extensions\Microsoft.TestPlatform.Extensions.EventLogCollector.dll'.
TpTrace Information: 0 : 26208, 1, 2023/03/09, 10:33:48.514, 828535371561, vstest.console.dll, AssemblyResolver.OnResolve: Resolved assembly: Microsoft.TestPlatform.Extensions.EventLogCollector, from path: C:\Program Files\dotnet\sdk\7.0.102\Extensions\Microsoft.TestPlatform.Extensions.EventLogCollector.dll
TpTrace Verbose: 0 : 26208, 1, 2023/03/09, 10:33:48.514, 828535372194, vstest.console.dll, MetadataReaderExtensionsHelper: Discovering extensions inside assembly 'Microsoft.TestPlatform.Extensions.EventLogCollector, Version=15.0.0.0, Culture=neutral, PublicKeyToken=b03f5f7f11d50a3a' file path 'C:\Program Files\dotnet\sdk\7.0.102\Extensions\Microsoft.TestPlatform.Extensions.EventLogCollector.dll'
TpTrace Information: 0 : 26208, 1, 2023/03/09, 10:33:48.518, 828535409983, vstest.console.dll, AssemblyResolver.OnResolve: Microsoft.TestPlatform.TestHostRuntimeProvider: Resolving assembly.
TpTrace Information: 0 : 26208, 1, 2023/03/09, 10:33:48.518, 828535411405, vstest.console.dll, AssemblyResolver.OnResolve: Microsoft.TestPlatform.TestHostRuntimeProvider: Searching in: 'C:\Program Files\dotnet\sdk\7.0.102\Extensions'.
TpTrace Information: 0 : 26208, 1, 2023/03/09, 10:33:48.519, 828535421011, vstest.console.dll, AssemblyResolver.OnResolve: Microsoft.TestPlatform.TestHostRuntimeProvider: Loading assembly 'C:\Program Files\dotnet\sdk\7.0.102\Extensions\Microsoft.TestPlatform.TestHostRuntimeProvider.dll'.
TpTrace Information: 0 : 26208, 1, 2023/03/09, 10:33:48.519, 828535428655, vstest.console.dll, AssemblyResolver.OnResolve: Resolved assembly: Microsoft.TestPlatform.TestHostRuntimeProvider, from path: C:\Program Files\dotnet\sdk\7.0.102\Extensions\Microsoft.TestPlatform.TestHostRuntimeProvider.dll
TpTrace Verbose: 0 : 26208, 1, 2023/03/09, 10:33:48.520, 828535430679, vstest.console.dll, MetadataReaderExtensionsHelper: Discovering extensions inside assembly 'Microsoft.TestPlatform.TestHostRuntimeProvider, Version=15.0.0.0, Culture=neutral, PublicKeyToken=b03f5f7f11d50a3a' file path 'C:\Program Files\dotnet\sdk\7.0.102\Extensions\Microsoft.TestPlatform.TestHostRuntimeProvider.dll'
TpTrace Information: 0 : 26208, 1, 2023/03/09, 10:33:48.523, 828535461087, vstest.console.dll, GetTestExtensionFromType: Register extension with identifier data 'HostProvider://DefaultTestHost' and type 'Microsoft.VisualStudio.TestPlatform.CrossPlatEngine.Hosting.DefaultTestHostManager, Microsoft.TestPlatform.TestHostRuntimeProvider, Version=15.0.0.0, Culture=neutral, PublicKeyToken=b03f5f7f11d50a3a' inside file 'C:\Program Files\dotnet\sdk\7.0.102\Extensions\Microsoft.TestPlatform.TestHostRuntimeProvider.dll'
TpTrace Information: 0 : 26208, 1, 2023/03/09, 10:33:48.523, 828535466260, vstest.console.dll, GetTestExtensionFromType: Register extension with identifier data 'HostProvider://DotnetTestHost' and type 'Microsoft.VisualStudio.TestPlatform.CrossPlatEngine.Hosting.DotnetTestHostManager, Microsoft.TestPlatform.TestHostRuntimeProvider, Version=15.0.0.0, Culture=neutral, PublicKeyToken=b03f5f7f11d50a3a' inside file 'C:\Program Files\dotnet\sdk\7.0.102\Extensions\Microsoft.TestPlatform.TestHostRuntimeProvider.dll'
TpTrace Information: 0 : 26208, 1, 2023/03/09, 10:33:48.523, 828535467823, vstest.console.dll, AssemblyResolver.OnResolve: Microsoft.VisualStudio.TestPlatform.Extensions.Html.TestLogger: Resolving assembly.
TpTrace Information: 0 : 26208, 1, 2023/03/09, 10:33:48.523, 828535468573, vstest.console.dll, AssemblyResolver.OnResolve: Microsoft.VisualStudio.TestPlatform.Extensions.Html.TestLogger: Searching in: 'C:\Program Files\dotnet\sdk\7.0.102\Extensions'.
TpTrace Information: 0 : 26208, 1, 2023/03/09, 10:33:48.524, 828535476774, vstest.console.dll, AssemblyResolver.OnResolve: Microsoft.VisualStudio.TestPlatform.Extensions.Html.TestLogger: Loading assembly 'C:\Program Files\dotnet\sdk\7.0.102\Extensions\Microsoft.VisualStudio.TestPlatform.Extensions.Html.TestLogger.dll'.
TpTrace Information: 0 : 26208, 1, 2023/03/09, 10:33:48.525, 828535488162, vstest.console.dll, AssemblyResolver.OnResolve: Resolved assembly: Microsoft.VisualStudio.TestPlatform.Extensions.Html.TestLogger, from path: C:\Program Files\dotnet\sdk\7.0.102\Extensions\Microsoft.VisualStudio.TestPlatform.Extensions.Html.TestLogger.dll
TpTrace Verbose: 0 : 26208, 1, 2023/03/09, 10:33:48.525, 828535489392, vstest.console.dll, MetadataReaderExtensionsHelper: Discovering extensions inside assembly 'Microsoft.VisualStudio.TestPlatform.Extensions.Html.TestLogger, Version=15.0.0.0, Culture=neutral, PublicKeyToken=b03f5f7f11d50a3a' file path 'C:\Program Files\dotnet\sdk\7.0.102\Extensions\Microsoft.VisualStudio.TestPlatform.Extensions.Html.TestLogger.dll'
TpTrace Information: 0 : 26208, 1, 2023/03/09, 10:33:48.527, 828535503316, vstest.console.dll, AssemblyResolver.OnResolve: Microsoft.VisualStudio.TestPlatform.Extensions.Trx.TestLogger: Resolving assembly.
TpTrace Information: 0 : 26208, 1, 2023/03/09, 10:33:48.527, 828535504849, vstest.console.dll, AssemblyResolver.OnResolve: Microsoft.VisualStudio.TestPlatform.Extensions.Trx.TestLogger: Searching in: 'C:\Program Files\dotnet\sdk\7.0.102\Extensions'.
TpTrace Information: 0 : 26208, 1, 2023/03/09, 10:33:48.528, 828535513694, vstest.console.dll, AssemblyResolver.OnResolve: Microsoft.VisualStudio.TestPlatform.Extensions.Trx.TestLogger: Loading assembly 'C:\Program Files\dotnet\sdk\7.0.102\Extensions\Microsoft.VisualStudio.TestPlatform.Extensions.Trx.TestLogger.dll'.
TpTrace Information: 0 : 26208, 1, 2023/03/09, 10:33:48.529, 828535522966, vstest.console.dll, AssemblyResolver.OnResolve: Resolved assembly: Microsoft.VisualStudio.TestPlatform.Extensions.Trx.TestLogger, from path: C:\Program Files\dotnet\sdk\7.0.102\Extensions\Microsoft.VisualStudio.TestPlatform.Extensions.Trx.TestLogger.dll
TpTrace Verbose: 0 : 26208, 1, 2023/03/09, 10:33:48.529, 828535523943, vstest.console.dll, MetadataReaderExtensionsHelper: Discovering extensions inside assembly 'Microsoft.VisualStudio.TestPlatform.Extensions.Trx.TestLogger, Version=15.0.0.0, Culture=neutral, PublicKeyToken=b03f5f7f11d50a3a' file path 'C:\Program Files\dotnet\sdk\7.0.102\Extensions\Microsoft.VisualStudio.TestPlatform.Extensions.Trx.TestLogger.dll'
TpTrace Verbose: 0 : 26208, 1, 2023/03/09, 10:33:48.531, 828535542497, vstest.console.dll, TestPluginCache: Discovered the extensions using extension path ''.
TpTrace Verbose: 0 : 26208, 1, 2023/03/09, 10:33:48.531, 828535544554, vstest.console.dll, TestPluginCache: Discoverers are ''.
TpTrace Verbose: 0 : 26208, 1, 2023/03/09, 10:33:48.531, 828535545006, vstest.console.dll, TestPluginCache: Executors are ''.
TpTrace Verbose: 0 : 26208, 1, 2023/03/09, 10:33:48.531, 828535546287, vstest.console.dll, TestPluginCache: Executors2 are ''.
TpTrace Verbose: 0 : 26208, 1, 2023/03/09, 10:33:48.531, 828535546614, vstest.console.dll, TestPluginCache: Setting providers are ''.
TpTrace Verbose: 0 : 26208, 1, 2023/03/09, 10:33:48.531, 828535546932, vstest.console.dll, TestPluginCache: Loggers are ''.
TpTrace Verbose: 0 : 26208, 1, 2023/03/09, 10:33:48.531, 828535549405, vstest.console.dll, TestPluginCache: TestHosts are 'HostProvider://DefaultTestHost,HostProvider://DotnetTestHost'.
TpTrace Verbose: 0 : 26208, 1, 2023/03/09, 10:33:48.532, 828535549909, vstest.console.dll, TestPluginCache: DataCollectors are ''.
TpTrace Information: 0 : 26208, 1, 2023/03/09, 10:33:48.551, 828535743581, vstest.console.dll, RunTestsArgumentProcessor:Execute: Test run is starting.
TpTrace Verbose: 0 : 26208, 1, 2023/03/09, 10:33:48.551, 828535744912, vstest.console.dll, RunTestsArgumentProcessor:Execute: Queuing Test run.
TpTrace Information: 0 : 26208, 1, 2023/03/09, 10:33:48.551, 828535748234, vstest.console.dll, TestRequestManager.RunTests: run tests started.
TpTrace Information: 0 : 26208, 1, 2023/03/09, 10:33:48.554, 828535770239, vstest.console.dll, AssemblyMetadataProvider.GetFrameworkName: Determined framework:'.NETCoreApp,Version=v7.0' for source: 'C:\Users\Decadev\Desktop\My Weekly Task\Bank Model\BankAppNUnitTest\bin\Debug\net7.0\fine-code-coverage\build-output\BankAppNUnitTest.dll'
TpTrace Information: 0 : 26208, 1, 2023/03/09, 10:33:48.554, 828535776006, vstest.console.dll, Determined framework for all sources: .NETCoreApp,Version=v7.0
TpTrace Verbose: 0 : 26208, 1, 2023/03/09, 10:33:48.555, 828535781901, vstest.console.dll, TestRequestManager.UpdateRunSettingsIfRequired: Default architecture: X64 IsDefaultTargetArchitecture: True, Current process architecture: X64 OperatingSystem: Windows.
TpTrace Information: 0 : 26208, 1, 2023/03/09, 10:33:48.558, 828535809913, vstest.console.dll, AssemblyMetadataProvider.GetArchitecture: Determined architecture:AnyCPU info for assembly: C:\Users\Decadev\Desktop\My Weekly Task\Bank Model\BankAppNUnitTest\bin\Debug\net7.0\fine-code-coverage\build-output\BankAppNUnitTest.dll
TpTrace Information: 0 : 26208, 1, 2023/03/09, 10:33:48.558, 828535810732, vstest.console.dll, Determined platform for source 'C:\Users\Decadev\Desktop\My Weekly Task\Bank Model\BankAppNUnitTest\bin\Debug\net7.0\fine-code-coverage\build-output\BankAppNUnitTest.dll' was AnyCPU and it will use the default plaform X64.
TpTrace Information: 0 : 26208, 1, 2023/03/09, 10:33:48.558, 828535811039, vstest.console.dll, None of the sources provided any runnable platform, using the default platform: X64
TpTrace Information: 0 : 26208, 1, 2023/03/09, 10:33:48.558, 828535812448, vstest.console.dll, Platform was updated to 'X64'.
TpTrace Information: 0 : 26208, 1, 2023/03/09, 10:33:48.562, 828535855081, vstest.console.dll, InferRunSettingsHelper.IsTestSettingsEnabled: Unable to navigate to RunSettings/MSTest. Current node: RunSettings
TpTrace Information: 0 : 26208, 1, 2023/03/09, 10:33:48.563, 828535867161, vstest.console.dll, AssemblyResolver.OnResolve: Microsoft.VisualStudio.TestPlatform.Fakes: Resolving assembly.
TpTrace Information: 0 : 26208, 1, 2023/03/09, 10:33:48.563, 828535868514, vstest.console.dll, AssemblyResolver.OnResolve: Microsoft.VisualStudio.TestPlatform.Fakes: Searching in: 'C:\Program Files\dotnet\sdk\7.0.102\Extensions'.
TpTrace Information: 0 : 26208, 1, 2023/03/09, 10:33:48.564, 828535870215, vstest.console.dll, AssemblyResolver.OnResolve: Microsoft.VisualStudio.TestPlatform.Fakes: Assembly path does not exist: 'C:\Program Files\dotnet\sdk\7.0.102\Extensions\Microsoft.VisualStudio.TestPlatform.Fakes.dll', returning.
TpTrace Information: 0 : 26208, 1, 2023/03/09, 10:33:48.564, 828535871442, vstest.console.dll, AssemblyResolver.OnResolve: Microsoft.VisualStudio.TestPlatform.Fakes: Assembly path does not exist: 'C:\Program Files\dotnet\sdk\7.0.102\Extensions\Microsoft.VisualStudio.TestPlatform.Fakes.exe', returning.
TpTrace Information: 0 : 26208, 1, 2023/03/09, 10:33:48.564, 828535872102, vstest.console.dll, AssemblyResolver.OnResolve: Microsoft.VisualStudio.TestPlatform.Fakes: Searching in: 'C:\Program Files\dotnet\sdk\7.0.102'.
TpTrace Information: 0 : 26208, 1, 2023/03/09, 10:33:48.564, 828535873286, vstest.console.dll, AssemblyResolver.OnResolve: Microsoft.VisualStudio.TestPlatform.Fakes: Assembly path does not exist: 'C:\Program Files\dotnet\sdk\7.0.102\Microsoft.VisualStudio.TestPlatform.Fakes.dll', returning.
TpTrace Information: 0 : 26208, 1, 2023/03/09, 10:33:48.564, 828535874658, vstest.console.dll, AssemblyResolver.OnResolve: Microsoft.VisualStudio.TestPlatform.Fakes: Assembly path does not exist: 'C:\Program Files\dotnet\sdk\7.0.102\Microsoft.VisualStudio.TestPlatform.Fakes.exe', returning.
TpTrace Information: 0 : 26208, 1, 2023/03/09, 10:33:48.564, 828535875325, vstest.console.dll, AssemblyResolver.OnResolve: Microsoft.VisualStudio.TestPlatform.Fakes: Failed to load assembly.
TpTrace Information: 0 : 26208, 1, 2023/03/09, 10:33:48.565, 828535879959, vstest.console.dll, Failed to load assembly Microsoft.VisualStudio.TestPlatform.Fakes, Version=17.0.0.0, Culture=neutral. Reason:System.IO.FileNotFoundException: Could not load file or assembly 'Microsoft.VisualStudio.TestPlatform.Fakes, Version=17.0.0.0, Culture=neutral, PublicKeyToken=null'. The system cannot find the file specified.
File name: 'Microsoft.VisualStudio.TestPlatform.Fakes, Version=17.0.0.0, Culture=neutral, PublicKeyToken=null'
   at System.Reflection.RuntimeAssembly.InternalLoad(AssemblyName assemblyName, StackCrawlMark& stackMark, AssemblyLoadContext assemblyLoadContext, RuntimeAssembly requestingAssembly, Boolean throwOnFileNotFound)
   at System.Reflection.Assembly.Load(AssemblyName assemblyRef)
   at Microsoft.VisualStudio.TestPlatform.Common.Utilities.FakesUtilities.LoadTestPlatformAssembly()
TpTrace Verbose: 0 : 26208, 1, 2023/03/09, 10:33:48.569, 828535922776, vstest.console.dll, TestPluginCache.DiscoverTestExtensions: finding test extensions in assemblies ends with: TestLogger.dll TPluginInfo: Microsoft.VisualStudio.TestPlatform.Common.ExtensionFramework.Utilities.TestLoggerPluginInformation TExtension: Microsoft.VisualStudio.TestPlatform.ObjectModel.Client.ITestLogger
TpTrace Verbose: 0 : 26208, 1, 2023/03/09, 10:33:48.569, 828535924138, vstest.console.dll, TestPluginCache.GetExtensionPaths: Filtered extension paths: 
TpTrace Verbose: 0 : 26208, 1, 2023/03/09, 10:33:48.569, 828535924737, vstest.console.dll, TestPluginCache.GetExtensionPaths: Added default extension paths: C:\Program Files\dotnet\sdk\7.0.102\Extensions\Microsoft.Diagnostics.NETCore.Client.dll
C:\Program Files\dotnet\sdk\7.0.102\Extensions\Microsoft.TestPlatform.Extensions.BlameDataCollector.dll
C:\Program Files\dotnet\sdk\7.0.102\Extensions\Microsoft.TestPlatform.Extensions.EventLogCollector.dll
C:\Program Files\dotnet\sdk\7.0.102\Extensions\Microsoft.TestPlatform.TestHostRuntimeProvider.dll
C:\Program Files\dotnet\sdk\7.0.102\Extensions\Microsoft.VisualStudio.TestPlatform.Extensions.Html.TestLogger.dll
C:\Program Files\dotnet\sdk\7.0.102\Extensions\Microsoft.VisualStudio.TestPlatform.Extensions.Trx.TestLogger.dll
TpTrace Verbose: 0 : 26208, 1, 2023/03/09, 10:33:48.569, 828535925282, vstest.console.dll, TestPluginCache.GetExtensionPaths: Added unfilterableExtensionPaths: 
TpTrace Information: 0 : 26208, 1, 2023/03/09, 10:33:48.569, 828535929405, vstest.console.dll, AssemblyResolver.AddSearchDirectories: Adding more searchDirectories C:\Program Files\dotnet\sdk\7.0.102\Extensions,C:\Program Files\dotnet\sdk\7.0.102
TpTrace Verbose: 0 : 26208, 1, 2023/03/09, 10:33:48.570, 828535930100, vstest.console.dll, TestPluginCache.DiscoverTestExtensions: Discovering the extensions using extension path.
TpTrace Verbose: 0 : 26208, 1, 2023/03/09, 10:33:48.570, 828535930713, vstest.console.dll, TestPluginCache.GetExtensionPaths: Filtered extension paths: 
TpTrace Verbose: 0 : 26208, 1, 2023/03/09, 10:33:48.570, 828535931690, vstest.console.dll, TestPluginCache.GetExtensionPaths: Added default extension paths: C:\Program Files\dotnet\sdk\7.0.102\Extensions\Microsoft.Diagnostics.NETCore.Client.dll
C:\Program Files\dotnet\sdk\7.0.102\Extensions\Microsoft.TestPlatform.Extensions.BlameDataCollector.dll
C:\Program Files\dotnet\sdk\7.0.102\Extensions\Microsoft.TestPlatform.Extensions.EventLogCollector.dll
C:\Program Files\dotnet\sdk\7.0.102\Extensions\Microsoft.TestPlatform.TestHostRuntimeProvider.dll
C:\Program Files\dotnet\sdk\7.0.102\Extensions\Microsoft.VisualStudio.TestPlatform.Extensions.Html.TestLogger.dll
C:\Program Files\dotnet\sdk\7.0.102\Extensions\Microsoft.VisualStudio.TestPlatform.Extensions.Trx.TestLogger.dll
TpTrace Verbose: 0 : 26208, 1, 2023/03/09, 10:33:48.570, 828535932117, vstest.console.dll, TestPluginCache.GetExtensionPaths: Added unfilterableExtensionPaths: 
TpTrace Verbose: 0 : 26208, 1, 2023/03/09, 10:33:48.570, 828535932704, vstest.console.dll, TestPluginCache.DiscoverTestExtensions: Discovering the extensions using allExtensionPaths: C:\Program Files\dotnet\sdk\7.0.102\Extensions\Microsoft.Diagnostics.NETCore.Client.dll
C:\Program Files\dotnet\sdk\7.0.102\Extensions\Microsoft.TestPlatform.Extensions.BlameDataCollector.dll
C:\Program Files\dotnet\sdk\7.0.102\Extensions\Microsoft.TestPlatform.Extensions.EventLogCollector.dll
C:\Program Files\dotnet\sdk\7.0.102\Extensions\Microsoft.TestPlatform.TestHostRuntimeProvider.dll
C:\Program Files\dotnet\sdk\7.0.102\Extensions\Microsoft.VisualStudio.TestPlatform.Extensions.Html.TestLogger.dll
C:\Program Files\dotnet\sdk\7.0.102\Extensions\Microsoft.VisualStudio.TestPlatform.Extensions.Trx.TestLogger.dll
TpTrace Information: 0 : 26208, 1, 2023/03/09, 10:33:48.570, 828535933332, vstest.console.dll, AssemblyResolver.AddSearchDirectories: Adding more searchDirectories C:\Program Files\dotnet\sdk\7.0.102\Extensions,C:\Program Files\dotnet\sdk\7.0.102
TpTrace Information: 0 : 26208, 1, 2023/03/09, 10:33:48.570, 828535934029, vstest.console.dll, AssemblyResolver.AddSearchDirectories: Adding more searchDirectories C:\Program Files\dotnet\sdk\7.0.102\Extensions,C:\Program Files\dotnet\sdk\7.0.102
TpTrace Information: 0 : 26208, 1, 2023/03/09, 10:33:48.570, 828535934477, vstest.console.dll, AssemblyResolver.AddSearchDirectories: Adding more searchDirectories C:\Program Files\dotnet\sdk\7.0.102\Extensions,C:\Program Files\dotnet\sdk\7.0.102
TpTrace Information: 0 : 26208, 1, 2023/03/09, 10:33:48.570, 828535934823, vstest.console.dll, AssemblyResolver.AddSearchDirectories: Adding more searchDirectories C:\Program Files\dotnet\sdk\7.0.102\Extensions,C:\Program Files\dotnet\sdk\7.0.102
TpTrace Information: 0 : 26208, 1, 2023/03/09, 10:33:48.570, 828535935092, vstest.console.dll, AssemblyResolver.AddSearchDirectories: Adding more searchDirectories C:\Program Files\dotnet\sdk\7.0.102\Extensions,C:\Program Files\dotnet\sdk\7.0.102
TpTrace Information: 0 : 26208, 1, 2023/03/09, 10:33:48.570, 828535935324, vstest.console.dll, AssemblyResolver.AddSearchDirectories: Adding more searchDirectories C:\Program Files\dotnet\sdk\7.0.102\Extensions,C:\Program Files\dotnet\sdk\7.0.102
TpTrace Verbose: 0 : 26208, 1, 2023/03/09, 10:33:48.570, 828535936478, vstest.console.dll, MetadataReaderExtensionsHelper: Discovering extensions inside assembly 'Microsoft.Diagnostics.NETCore.Client, Version=0.2.6.42401, Culture=neutral, PublicKeyToken=31bf3856ad364e35' file path 'C:\Program Files\dotnet\sdk\7.0.102\Extensions\Microsoft.Diagnostics.NETCore.Client.dll'
TpTrace Information: 0 : 26208, 1, 2023/03/09, 10:33:48.571, 828535945634, vstest.console.dll, AssemblyResolver.OnResolve: Microsoft.Bcl.AsyncInterfaces: Resolving assembly.
TpTrace Information: 0 : 26208, 1, 2023/03/09, 10:33:48.571, 828535946410, vstest.console.dll, AssemblyResolver.OnResolve: Microsoft.Bcl.AsyncInterfaces: Resolved from cache.
TpTrace Verbose: 0 : 26208, 1, 2023/03/09, 10:33:48.571, 828535946686, vstest.console.dll, CurrentDomainAssemblyResolve: Resolving assembly 'Microsoft.Bcl.AsyncInterfaces'.
TpTrace Information: 0 : 26208, 1, 2023/03/09, 10:33:48.571, 828535947128, vstest.console.dll, AssemblyResolver.OnResolve: Microsoft.Bcl.AsyncInterfaces: Resolving assembly.
TpTrace Information: 0 : 26208, 1, 2023/03/09, 10:33:48.571, 828535947380, vstest.console.dll, AssemblyResolver.OnResolve: Microsoft.Bcl.AsyncInterfaces: Resolved from cache.
TpTrace Verbose: 0 : 26208, 1, 2023/03/09, 10:33:48.571, 828535947637, vstest.console.dll, CurrentDomainAssemblyResolve: Resolving assembly 'Microsoft.Bcl.AsyncInterfaces'.
TpTrace Verbose: 0 : 26208, 1, 2023/03/09, 10:33:48.571, 828535947858, vstest.console.dll, CurrentDomainAssemblyResolve: Failed to resolve assembly 'Microsoft.Bcl.AsyncInterfaces'.
TpTrace Verbose: 0 : 26208, 1, 2023/03/09, 10:33:48.572, 828535949826, vstest.console.dll, CurrentDomainAssemblyResolve: Failed to resolve assembly 'Microsoft.Bcl.AsyncInterfaces'.
TpTrace Warning: 0 : 26208, 1, 2023/03/09, 10:33:48.572, 828535953650, vstest.console.dll, TestPluginDiscoverer: Failed to get types from assembly 'Microsoft.Diagnostics.NETCore.Client, Version=0.2.6.42401, Culture=neutral, PublicKeyToken=31bf3856ad364e35'. Error: System.Reflection.ReflectionTypeLoadException: Unable to load one or more of the requested types.
Could not load file or assembly 'Microsoft.Bcl.AsyncInterfaces, Version=1.0.0.0, Culture=neutral, PublicKeyToken=cc7b13ffcd2ddd51'. The system cannot find the file specified.
   at System.Reflection.RuntimeModule.GetTypes(RuntimeModule module)
   at System.Reflection.Assembly.GetTypes()
   at Microsoft.VisualStudio.TestPlatform.Common.ExtensionFramework.TestPluginDiscoverer.GetTestExtensionsFromAssembly[TPluginInfo,TExtension](Assembly assembly, Dictionary`2 pluginInfos, String filePath)
System.IO.FileNotFoundException: Could not load file or assembly 'Microsoft.Bcl.AsyncInterfaces, Version=1.0.0.0, Culture=neutral, PublicKeyToken=cc7b13ffcd2ddd51'. The system cannot find the file specified.
File name: 'Microsoft.Bcl.AsyncInterfaces, Version=1.0.0.0, Culture=neutral, PublicKeyToken=cc7b13ffcd2ddd51'
 ---> System.IO.FileNotFoundException: Could not load file or assembly 'Microsoft.Bcl.AsyncInterfaces, Culture=neutral, PublicKeyToken=null'. The system cannot find the file specified.
File name: 'Microsoft.Bcl.AsyncInterfaces, Culture=neutral, PublicKeyToken=null'
   at System.Reflection.RuntimeAssembly.InternalLoad(AssemblyName assemblyName, StackCrawlMark& stackMark, AssemblyLoadContext assemblyLoadContext, RuntimeAssembly requestingAssembly, Boolean throwOnFileNotFound)
   at System.Reflection.Assembly.Load(AssemblyName assemblyRef)
   at Microsoft.VisualStudio.TestPlatform.Common.ExtensionFramework.TestPluginCache.CurrentDomainAssemblyResolve(Object sender, AssemblyResolveEventArgs args)
   at System.Runtime.Loader.AssemblyLoadContext.GetFirstResolvedAssemblyFromResolvingEvent(AssemblyName assemblyName)
   at System.Runtime.Loader.AssemblyLoadContext.ResolveUsingEvent(AssemblyName assemblyName)
   at System.Runtime.Loader.AssemblyLoadContext.ResolveUsingResolvingEvent(IntPtr gchManagedAssemblyLoadContext, AssemblyName assemblyName)
TpTrace Warning: 0 : 26208, 1, 2023/03/09, 10:33:48.572, 828535955198, vstest.console.dll, LoaderExceptions: System.IO.FileNotFoundException: Could not load file or assembly 'Microsoft.Bcl.AsyncInterfaces, Version=1.0.0.0, Culture=neutral, PublicKeyToken=cc7b13ffcd2ddd51'. The system cannot find the file specified.
File name: 'Microsoft.Bcl.AsyncInterfaces, Version=1.0.0.0, Culture=neutral, PublicKeyToken=cc7b13ffcd2ddd51'
 ---> System.IO.FileNotFoundException: Could not load file or assembly 'Microsoft.Bcl.AsyncInterfaces, Culture=neutral, PublicKeyToken=null'. The system cannot find the file specified.
File name: 'Microsoft.Bcl.AsyncInterfaces, Culture=neutral, PublicKeyToken=null'
   at System.Reflection.RuntimeAssembly.InternalLoad(AssemblyName assemblyName, StackCrawlMark& stackMark, AssemblyLoadContext assemblyLoadContext, RuntimeAssembly requestingAssembly, Boolean throwOnFileNotFound)
   at System.Reflection.Assembly.Load(AssemblyName assemblyRef)
   at Microsoft.VisualStudio.TestPlatform.Common.ExtensionFramework.TestPluginCache.CurrentDomainAssemblyResolve(Object sender, AssemblyResolveEventArgs args)
   at System.Runtime.Loader.AssemblyLoadContext.GetFirstResolvedAssemblyFromResolvingEvent(AssemblyName assemblyName)
   at System.Runtime.Loader.AssemblyLoadContext.ResolveUsingEvent(AssemblyName assemblyName)
   at System.Runtime.Loader.AssemblyLoadContext.ResolveUsingResolvingEvent(IntPtr gchManagedAssemblyLoadContext, AssemblyName assemblyName)
TpTrace Verbose: 0 : 26208, 1, 2023/03/09, 10:33:48.572, 828535956335, vstest.console.dll, MetadataReaderExtensionsHelper: Discovering extensions inside assembly 'Microsoft.TestPlatform.Extensions.BlameDataCollector, Version=15.0.0.0, Culture=neutral, PublicKeyToken=b03f5f7f11d50a3a' file path 'C:\Program Files\dotnet\sdk\7.0.102\Extensions\Microsoft.TestPlatform.Extensions.BlameDataCollector.dll'
TpTrace Information: 0 : 26208, 1, 2023/03/09, 10:33:48.573, 828535961624, vstest.console.dll, GetTestExtensionFromType: Register extension with identifier data 'logger://Microsoft/TestPlatform/Extensions/Blame/v1' and type 'Microsoft.TestPlatform.Extensions.BlameDataCollector.BlameLogger, Microsoft.TestPlatform.Extensions.BlameDataCollector, Version=15.0.0.0, Culture=neutral, PublicKeyToken=b03f5f7f11d50a3a' inside file 'C:\Program Files\dotnet\sdk\7.0.102\Extensions\Microsoft.TestPlatform.Extensions.BlameDataCollector.dll'
TpTrace Verbose: 0 : 26208, 1, 2023/03/09, 10:33:48.573, 828535962264, vstest.console.dll, MetadataReaderExtensionsHelper: Discovering extensions inside assembly 'Microsoft.TestPlatform.Extensions.EventLogCollector, Version=15.0.0.0, Culture=neutral, PublicKeyToken=b03f5f7f11d50a3a' file path 'C:\Program Files\dotnet\sdk\7.0.102\Extensions\Microsoft.TestPlatform.Extensions.EventLogCollector.dll'
TpTrace Verbose: 0 : 26208, 1, 2023/03/09, 10:33:48.573, 828535964919, vstest.console.dll, MetadataReaderExtensionsHelper: Discovering extensions inside assembly 'Microsoft.TestPlatform.TestHostRuntimeProvider, Version=15.0.0.0, Culture=neutral, PublicKeyToken=b03f5f7f11d50a3a' file path 'C:\Program Files\dotnet\sdk\7.0.102\Extensions\Microsoft.TestPlatform.TestHostRuntimeProvider.dll'
TpTrace Verbose: 0 : 26208, 1, 2023/03/09, 10:33:48.573, 828535967575, vstest.console.dll, MetadataReaderExtensionsHelper: Discovering extensions inside assembly 'Microsoft.VisualStudio.TestPlatform.Extensions.Html.TestLogger, Version=15.0.0.0, Culture=neutral, PublicKeyToken=b03f5f7f11d50a3a' file path 'C:\Program Files\dotnet\sdk\7.0.102\Extensions\Microsoft.VisualStudio.TestPlatform.Extensions.Html.TestLogger.dll'
TpTrace Information: 0 : 26208, 1, 2023/03/09, 10:33:48.574, 828535972041, vstest.console.dll, GetTestExtensionFromType: Register extension with identifier data 'logger://Microsoft/TestPlatform/HtmlLogger/v1' and type 'Microsoft.VisualStudio.TestPlatform.Extensions.HtmlLogger.HtmlLogger, Microsoft.VisualStudio.TestPlatform.Extensions.Html.TestLogger, Version=15.0.0.0, Culture=neutral, PublicKeyToken=b03f5f7f11d50a3a' inside file 'C:\Program Files\dotnet\sdk\7.0.102\Extensions\Microsoft.VisualStudio.TestPlatform.Extensions.Html.TestLogger.dll'
TpTrace Verbose: 0 : 26208, 1, 2023/03/09, 10:33:48.574, 828535972556, vstest.console.dll, MetadataReaderExtensionsHelper: Discovering extensions inside assembly 'Microsoft.VisualStudio.TestPlatform.Extensions.Trx.TestLogger, Version=15.0.0.0, Culture=neutral, PublicKeyToken=b03f5f7f11d50a3a' file path 'C:\Program Files\dotnet\sdk\7.0.102\Extensions\Microsoft.VisualStudio.TestPlatform.Extensions.Trx.TestLogger.dll'
TpTrace Information: 0 : 26208, 1, 2023/03/09, 10:33:48.574, 828535975670, vstest.console.dll, GetTestExtensionFromType: Register extension with identifier data 'logger://Microsoft/TestPlatform/TrxLogger/v1' and type 'Microsoft.VisualStudio.TestPlatform.Extensions.TrxLogger.TrxLogger, Microsoft.VisualStudio.TestPlatform.Extensions.Trx.TestLogger, Version=15.0.0.0, Culture=neutral, PublicKeyToken=b03f5f7f11d50a3a' inside file 'C:\Program Files\dotnet\sdk\7.0.102\Extensions\Microsoft.VisualStudio.TestPlatform.Extensions.Trx.TestLogger.dll'
TpTrace Verbose: 0 : 26208, 1, 2023/03/09, 10:33:48.574, 828535976743, vstest.console.dll, TestPluginCache: Discovered the extensions using extension path ''.
TpTrace Verbose: 0 : 26208, 1, 2023/03/09, 10:33:48.574, 828535977196, vstest.console.dll, TestPluginCache: Discoverers are ''.
TpTrace Verbose: 0 : 26208, 1, 2023/03/09, 10:33:48.574, 828535977484, vstest.console.dll, TestPluginCache: Executors are ''.
TpTrace Verbose: 0 : 26208, 1, 2023/03/09, 10:33:48.574, 828535977837, vstest.console.dll, TestPluginCache: Executors2 are ''.
TpTrace Verbose: 0 : 26208, 1, 2023/03/09, 10:33:48.574, 828535978119, vstest.console.dll, TestPluginCache: Setting providers are ''.
TpTrace Verbose: 0 : 26208, 1, 2023/03/09, 10:33:48.574, 828535979454, vstest.console.dll, TestPluginCache: Loggers are 'logger://Microsoft/TestPlatform/Extensions/Blame/v1,logger://Microsoft/TestPlatform/HtmlLogger/v1,logger://Microsoft/TestPlatform/TrxLogger/v1'.
TpTrace Verbose: 0 : 26208, 1, 2023/03/09, 10:33:48.575, 828535980046, vstest.console.dll, TestPluginCache: TestHosts are 'HostProvider://DefaultTestHost,HostProvider://DotnetTestHost'.
TpTrace Verbose: 0 : 26208, 1, 2023/03/09, 10:33:48.575, 828535980367, vstest.console.dll, TestPluginCache: DataCollectors are ''.
TpTrace Information: 0 : 26208, 1, 2023/03/09, 10:33:48.576, 828535995440, vstest.console.dll, TestPluginManager.CreateTestExtension: Attempting to load test extension: Microsoft.TestPlatform.Extensions.BlameDataCollector.BlameLogger
TpTrace Verbose: 0 : 26208, 1, 2023/03/09, 10:33:48.589, 828536128431, vstest.console.dll, TestEngine: Initializing Parallel Execution as MaxCpuCount is set to: 1
TpTrace Information: 0 : 26208, 1, 2023/03/09, 10:33:48.592, 828536151309, vstest.console.dll, TestPluginManager.CreateTestExtension: Attempting to load test extension: Microsoft.VisualStudio.TestPlatform.CrossPlatEngine.Hosting.DefaultTestHostManager
TpTrace Information: 0 : 26208, 1, 2023/03/09, 10:33:48.593, 828536168668, vstest.console.dll, TestPluginManager.CreateTestExtension: Attempting to load test extension: Microsoft.VisualStudio.TestPlatform.CrossPlatEngine.Hosting.DotnetTestHostManager
TpTrace Information: 0 : 26208, 1, 2023/03/09, 10:33:48.595, 828536184028, vstest.console.dll, InferRunSettingsHelper.IsTestSettingsEnabled: Unable to navigate to RunSettings/MSTest. Current node: RunSettings
TpTrace Verbose: 0 : 26208, 1, 2023/03/09, 10:33:48.602, 828536251117, vstest.console.dll, TestEngine.GetExecutionManager: Chosen execution manager 'Microsoft.VisualStudio.TestPlatform.CrossPlatEngine.Client.Parallel.ParallelProxyExecutionManager, Microsoft.TestPlatform.CrossPlatEngine, Version=15.0.0.0, Culture=neutral, PublicKeyToken=b03f5f7f11d50a3a' ParallelLevel '1'.
TpTrace Verbose: 0 : 26208, 1, 2023/03/09, 10:33:48.602, 828536254313, vstest.console.dll, TestRunRequest.ExecuteAsync: Creating test run request.
TpTrace Verbose: 0 : 26208, 1, 2023/03/09, 10:33:48.602, 828536257028, vstest.console.dll, TestRunRequest.ExecuteAsync: Starting.
TpTrace Information: 0 : 26208, 1, 2023/03/09, 10:33:48.603, 828536260187, vstest.console.dll, TestRunRequest.ExecuteAsync: Starting run with settings:TestRunCriteria:
   KeepAlive=False,FrequencyOfRunStatsChangeEvent=10,RunStatsChangeEventTimeout=00:00:01.5000000,TestCaseFilter=,TestExecutorLauncher=
   Settingsxml=<RunSettings>
  <RunConfiguration>
    <ResultsDirectory>C:\Users\Decadev\Desktop\My Weekly Task\Bank Model\BankAppNUnitTest\bin\Debug\net7.0\fine-code-coverage\coverage-tool-output</ResultsDirectory>
    <TargetPlatform>X64</TargetPlatform>
    <TargetFrameworkVersion>.NETCoreApp,Version=v7.0</TargetFrameworkVersion>
    <DesignMode>False</DesignMode>
    <CollectSourceInformation>False</CollectSourceInformation>
  </RunConfiguration>
  <LoggerRunSettings>
    <Loggers>
      <Logger friendlyName="blame" enabled="True" />
      <Logger friendlyName="Console" uri="logger://microsoft/TestPlatform/ConsoleLogger/v1" assemblyQualifiedName="Microsoft.VisualStudio.TestPlatform.CommandLine.Internal.ConsoleLogger, vstest.console, Version=15.0.0.0, Culture=neutral, PublicKeyToken=b03f5f7f11d50a3a" codeBase="C:\Program Files\dotnet\sdk\7.0.102\vstest.console.dll" enabled="True" />
    </Loggers>
  </LoggerRunSettings>
  <DataCollectionRunSettings>
    <DataCollectors>
      <DataCollector friendlyName="blame" enabled="True">
        <Configuration>
          <ResultsDirectory>C:\Users\Decadev\Desktop\My Weekly Task\Bank Model\BankAppNUnitTest\bin\Debug\net7.0\fine-code-coverage\coverage-tool-output</ResultsDirectory>
        </Configuration>
      </DataCollector>
    </DataCollectors>
  </DataCollectionRunSettings>
</RunSettings>

TpTrace Verbose: 0 : 26208, 1, 2023/03/09, 10:33:48.603, 828536261141, vstest.console.dll, TestRunRequest.ExecuteAsync: Wait for the first run request is over.
TpTrace Verbose: 0 : 26208, 1, 2023/03/09, 10:33:48.603, 828536264857, vstest.console.dll, MulticastDelegateUtilities.SafeInvoke: TestRun.TestRunStart: Invoking callbacks was skipped because there are no subscribers.
TpTrace Verbose: 0 : 26208, 4, 2023/03/09, 10:33:48.603, 828536268625, vstest.console.dll, MulticastDelegateUtilities.SafeInvoke: InternalTestLoggerEvents.SendTestRunStart: Invoking callback 1/1 for Microsoft.VisualStudio.TestPlatform.CommandLine.Internal.ConsoleLogger., took 0 ms.
TpTrace Verbose: 0 : 26208, 1, 2023/03/09, 10:33:48.604, 828536279415, vstest.console.dll, ParallelProxyExecutionManager: Start execution. Total sources: 1
TpTrace Verbose: 0 : 26208, 1, 2023/03/09, 10:33:48.607, 828536300297, vstest.console.dll, TestRequestSender is acting as server.
TpTrace Verbose: 0 : 26208, 1, 2023/03/09, 10:33:48.608, 828536315678, vstest.console.dll, DataCollectionRequestSender.InitializeCommunication : Initialize communication. 
TpTrace Information: 0 : 26208, 1, 2023/03/09, 10:33:48.616, 828536393570, vstest.console.dll, Listening on Endpoint : 127.0.0.1:56007
TpTrace Verbose: 0 : 26208, 1, 2023/03/09, 10:33:48.625, 828536481358, vstest.console.dll, DotnetDataCollectionLauncher: Adding  --runtimeconfig "C:\Program Files\dotnet\sdk\7.0.102\datacollector.runtimeconfig.json" in args
TpTrace Verbose: 0 : 26208, 1, 2023/03/09, 10:33:48.625, 828536483607, vstest.console.dll, DotnetDataCollectionLauncher: Adding  --depsfile "C:\Program Files\dotnet\sdk\7.0.102\datacollector.deps.json" in args
TpTrace Verbose: 0 : 26208, 1, 2023/03/09, 10:33:48.625, 828536485515, vstest.console.dll, DotnetDataCollectionLauncher: Full path of dotnet.exe is C:\Program Files\dotnet\dotnet.exe
TpTrace Information: 0 : 26208, 1, 2023/03/09, 10:33:48.638, 828536609693, vstest.console.dll, ProxyDataCollectionManager.Initialize: Launched datacollector processId: 12600 port: 56007
TpTrace Information: 0 : 26208, 1, 2023/03/09, 10:33:48.638, 828536612292, vstest.console.dll, ProxyDataCollectionManager.Initialize: waiting for connection with timeout: 90 seconds
TpTrace Verbose: 0 : 26208, 1, 2023/03/09, 10:33:48.638, 828536613446, vstest.console.dll, DataCollectionRequestSender.WaitForRequestHandlerConnection : Waiting for connection with timeout: 90000
TpTrace Information: 0 : 26208, 7, 2023/03/09, 10:33:48.823, 828538463671, vstest.console.dll, Using the buffer size of 16384 bytes
TpTrace Verbose: 0 : 26208, 1, 2023/03/09, 10:33:48.823, 828538463883, vstest.console.dll, SocketCommunicationManager.WaitForClientConnection took: 184 ms, with 90000 ms timeout, and finished with True.
TpTrace Information: 0 : 26208, 7, 2023/03/09, 10:33:48.823, 828538466018, vstest.console.dll, Accepted Client request and set the flag
TpTrace Verbose: 0 : 26208, 1, 2023/03/09, 10:33:48.823, 828538467462, vstest.console.dll, ProxyDataCollectionManager.InvokeDataCollectionServiceAction: Starting.
TpTrace Information: 0 : 26208, 1, 2023/03/09, 10:33:48.823, 828538468663, vstest.console.dll, ProxyDataCollectionManager.BeforeTestRunStart: Get environment variable and port for datacollector processId: 12600 port: 56007
TpTrace Verbose: 0 : 26208, 1, 2023/03/09, 10:33:48.824, 828538470413, vstest.console.dll, DataCollectionRequestSender.SendBeforeTestRunStartAndGetResult: Send BeforeTestRunStart message with settingsXml <RunSettings><RunConfiguration><ResultsDirectory>C:\Users\Decadev\Desktop\My Weekly Task\Bank Model\BankAppNUnitTest\bin\Debug\net7.0\fine-code-coverage\coverage-tool-output</ResultsDirectory><TargetPlatform>X64</TargetPlatform><TargetFrameworkVersion>.NETCoreApp,Version=v7.0</TargetFrameworkVersion><DesignMode>False</DesignMode><CollectSourceInformation>False</CollectSourceInformation><TestAdaptersPaths>C:\Program Files\dotnet\sdk\7.0.102\Extensions</TestAdaptersPaths></RunConfiguration><LoggerRunSettings><Loggers><Logger friendlyName="blame" enabled="True" /><Logger friendlyName="Console" uri="logger://microsoft/TestPlatform/ConsoleLogger/v1" assemblyQualifiedName="Microsoft.VisualStudio.TestPlatform.CommandLine.Internal.ConsoleLogger, vstest.console, Version=15.0.0.0, Culture=neutral, PublicKeyToken=b03f5f7f11d50a3a" codeBase="C:\Program Files\dotnet\sdk\7.0.102\vstest.console.dll" enabled="True" /></Loggers></LoggerRunSettings><DataCollectionRunSettings><DataCollectors><DataCollector friendlyName="blame" enabled="True"><Configuration><ResultsDirectory>C:\Users\Decadev\Desktop\My Weekly Task\Bank Model\BankAppNUnitTest\bin\Debug\net7.0\fine-code-coverage\coverage-tool-output</ResultsDirectory></Configuration></DataCollector></DataCollectors></DataCollectionRunSettings></RunSettings> and sources System.Collections.Generic.List`1[System.String]: 
TpTrace Verbose: 0 : 26208, 1, 2023/03/09, 10:33:48.927, 828539508293, vstest.console.dll, DataCollectionRequestSender.SendBeforeTestRunStartAndGetResult: Received message: (DataCollection.SendMessage) -> {"MessageType":"DataCollection.SendMessage","Payload":{"FriendlyName":null,"Uri":null,"TestCaseId":"00000000-0000-0000-0000-000000000000","Message":"Logging DataCollector Diagnostics in file: C:\\Users\\Decadev\\Desktop\\My Weekly Task\\Bank Model\\BankAppNUnitTest\\bin\\Debug\\net7.0\\fine-code-coverage\\coverage-tool-output\\diagnostics.datacollector.23-03-09_10-33-48_62481_1.log","Level":0}}
TpTrace Verbose: 0 : 26208, 1, 2023/03/09, 10:33:49.031, 828540547756, vstest.console.dll, DataCollectionRequestSender.SendBeforeTestRunStartAndGetResult: Received message: (DataCollection.BeforeTestRunStartResult) -> {"MessageType":"DataCollection.BeforeTestRunStartResult","Payload":{"EnvironmentVariables":{},"DataCollectionEventsPort":56009}}
TpTrace Information: 0 : 26208, 1, 2023/03/09, 10:33:49.041, 828540640196, vstest.console.dll, ProxyDataCollectionManager.BeforeTestRunStart: SendBeforeTestRunStartAndGetResult successful, env variable from datacollector:   and testhost port: 56009
TpTrace Information: 0 : 26208, 1, 2023/03/09, 10:33:49.041, 828540642177, vstest.console.dll, ProxyDataCollectionManager.InvokeDataCollectionServiceAction: Completed.
TpTrace Verbose: 0 : 26208, 1, 2023/03/09, 10:33:49.041, 828540645718, vstest.console.dll, ProxyParallelExecutionManager: No sources available for execution.
TpTrace Information: 0 : 26208, 1, 2023/03/09, 10:33:49.041, 828540647289, vstest.console.dll, TestRunRequest.ExecuteAsync: Started.
TpTrace Verbose: 0 : 26208, 1, 2023/03/09, 10:33:49.041, 828540648849, vstest.console.dll, TestRunRequest.WaitForCompletion: Waiting with timeout -1.
TpTrace Verbose: 0 : 26208, 7, 2023/03/09, 10:33:49.042, 828540649862, vstest.console.dll, ParallelProxyExecutionManager: Execution started. Started clients: 1
TpTrace Verbose: 0 : 26208, 7, 2023/03/09, 10:33:49.042, 828540656158, vstest.console.dll, TestRunRequest:SendTestRunMessage: Starting.
TpTrace Verbose: 0 : 26208, 7, 2023/03/09, 10:33:49.042, 828540659222, vstest.console.dll, MulticastDelegateUtilities.SafeInvoke: TestRun.LogMessages: Invoking callback 1/1 for Microsoft.VisualStudio.TestPlatform.CommandLine.TestRunResultAggregator., took 0 ms.
TpTrace Information: 0 : 26208, 7, 2023/03/09, 10:33:49.043, 828540660085, vstest.console.dll, TestRunRequest:SendTestRunMessage: Completed.
TpTrace Verbose: 0 : 26208, 4, 2023/03/09, 10:33:49.043, 828540663023, vstest.console.dll, MulticastDelegateUtilities.SafeInvoke: InternalTestLoggerEvents.SendTestRunMessage: Invoking callback 1/1 for Microsoft.VisualStudio.TestPlatform.CommandLine.Internal.ConsoleLogger., took 0 ms.
TpTrace Verbose: 0 : 26208, 7, 2023/03/09, 10:33:49.043, 828540663182, vstest.console.dll, ProxyExecutionManager: Test host is always Lazy initialize.
TpTrace Verbose: 0 : 26208, 7, 2023/03/09, 10:33:49.044, 828540670921, vstest.console.dll, TestRequestSender.InitializeCommunication: initialize communication. 
TpTrace Information: 0 : 26208, 7, 2023/03/09, 10:33:49.045, 828540680097, vstest.console.dll, SocketServer.Start: Listening on endpoint : 127.0.0.1:56010
TpTrace Verbose: 0 : 26208, 7, 2023/03/09, 10:33:49.046, 828540691135, vstest.console.dll, DotnetTestHostmanager.GetTestHostProcessStartInfo: Platform environment 'X64' target architecture 'X64' framework '.NETCoreApp,Version=v7.0' OS 'Windows'
TpTrace Verbose: 0 : 26208, 7, 2023/03/09, 10:33:49.046, 828540694969, vstest.console.dll, DotnetTestHostmanager: Adding  --runtimeconfig "C:\Users\Decadev\Desktop\My Weekly Task\Bank Model\BankAppNUnitTest\bin\Debug\net7.0\fine-code-coverage\build-output\BankAppNUnitTest.runtimeconfig.json" in args
TpTrace Verbose: 0 : 26208, 7, 2023/03/09, 10:33:49.046, 828540697249, vstest.console.dll, DotnetTestHostmanager: Adding  --depsfile "C:\Users\Decadev\Desktop\My Weekly Task\Bank Model\BankAppNUnitTest\bin\Debug\net7.0\fine-code-coverage\build-output\BankAppNUnitTest.deps.json" in args
TpTrace Verbose: 0 : 26208, 7, 2023/03/09, 10:33:49.047, 828540701706, vstest.console.dll, DotnetTestHostmanager.IsWinOnArm: Current PROCESSOR_ARCHITECTURE from environment variable 'AMD64'
TpTrace Verbose: 0 : 26208, 7, 2023/03/09, 10:33:49.047, 828540703104, vstest.console.dll, DotnetTestHostmanager.IsWinOnArm: Is Windows on ARM 'False'
TpTrace Verbose: 0 : 26208, 7, 2023/03/09, 10:33:49.047, 828540704467, vstest.console.dll, DotnetTestHostManager: testhost.exe found at path: C:\Users\Decadev\Desktop\My Weekly Task\Bank Model\BankAppNUnitTest\bin\Debug\net7.0\fine-code-coverage\build-output\testhost.exe
TpTrace Verbose: 0 : 26208, 7, 2023/03/09, 10:33:49.047, 828540705054, vstest.console.dll, DotnetTestHostmanager: Full path of host exe is C:\Users\Decadev\Desktop\My Weekly Task\Bank Model\BankAppNUnitTest\bin\Debug\net7.0\fine-code-coverage\build-output\testhost.exe
TpTrace Verbose: 0 : 26208, 7, 2023/03/09, 10:33:49.047, 828540707078, vstest.console.dll, DotnetTestHostmanager.LaunchTestHostAsync: Found 'VSTEST_WINAPPHOST_DOTNET_ROOT' in env variables, value 'C:\Program Files\dotnet', forwarding to 'DOTNET_ROOT'
TpTrace Verbose: 0 : 26208, 7, 2023/03/09, 10:33:49.048, 828540712974, vstest.console.dll, DotnetTestHostManager: Starting process 'C:\Users\Decadev\Desktop\My Weekly Task\Bank Model\BankAppNUnitTest\bin\Debug\net7.0\fine-code-coverage\build-output\testhost.exe' with command line ' --runtimeconfig "C:\Users\Decadev\Desktop\My Weekly Task\Bank Model\BankAppNUnitTest\bin\Debug\net7.0\fine-code-coverage\build-output\BankAppNUnitTest.runtimeconfig.json" --depsfile "C:\Users\Decadev\Desktop\My Weekly Task\Bank Model\BankAppNUnitTest\bin\Debug\net7.0\fine-code-coverage\build-output\BankAppNUnitTest.deps.json" --port 56010 --endpoint 127.0.0.1:056010 --role client --parentprocessid 26208 --diag "C:\Users\Decadev\Desktop\My Weekly Task\Bank Model\BankAppNUnitTest\bin\Debug\net7.0\fine-code-coverage\coverage-tool-output\diagnostics.host.23-03-09_10-33-49_04562_7.log" --tracelevel 4 --datacollectionport 56009 --telemetryoptedin false'
TpTrace Verbose: 0 : 26208, 7, 2023/03/09, 10:33:49.067, 828540902966, vstest.console.dll, MulticastDelegateUtilities.SafeInvoke: HostProviderEvents.OnHostLaunched: Invoking callback 1/2 for Microsoft.VisualStudio.TestPlatform.CrossPlatEngine.Client.ProxyExecutionManagerWithDataCollection., took 2 ms.
TpTrace Verbose: 0 : 26208, 7, 2023/03/09, 10:33:49.067, 828540908672, vstest.console.dll, Test Runtime launched
TpTrace Verbose: 0 : 26208, 7, 2023/03/09, 10:33:49.068, 828540910133, vstest.console.dll, MulticastDelegateUtilities.SafeInvoke: HostProviderEvents.OnHostLaunched: Invoking callback 2/2 for Microsoft.VisualStudio.TestPlatform.CrossPlatEngine.Client.ProxyOperationManager., took 0 ms.
TpTrace Verbose: 0 : 26208, 7, 2023/03/09, 10:33:49.068, 828540912614, vstest.console.dll, TestRequestSender.WaitForRequestHandlerConnection: waiting for connection with timeout: 90000.
TpTrace Verbose: 0 : 26208, 12, 2023/03/09, 10:33:49.365, 828543887361, vstest.console.dll, MulticastDelegateUtilities.SafeInvoke: SocketServer: ClientConnected: Invoking callback 1/1 for Microsoft.VisualStudio.TestPlatform.CommunicationUtilities.TestRequestSender., took 0 ms.
TpTrace Verbose: 0 : 26208, 7, 2023/03/09, 10:33:49.365, 828543887360, vstest.console.dll, TestRequestSender.WaitForRequestHandlerConnection: waiting took 297 ms, with timeout 90000 ms, and result 0, which is success.
TpTrace Verbose: 0 : 26208, 12, 2023/03/09, 10:33:49.366, 828543890358, vstest.console.dll, SocketServer.OnClientConnected: Client connected for endPoint: 127.0.0.1:56010, starting MessageLoopAsync:
TpTrace Verbose: 0 : 26208, 10, 2023/03/09, 10:33:49.366, 828543895830, vstest.console.dll, TcpClientExtensions.MessageLoopAsync: Polling on remoteEndPoint: 127.0.0.1:56011 localEndPoint: 127.0.0.1:56010
TpTrace Verbose: 0 : 26208, 7, 2023/03/09, 10:33:49.367, 828543903347, vstest.console.dll, TestRequestSender.CheckVersionWithTestHost: Sending check version message: {"MessageType":"ProtocolVersion","Payload":7}
TpTrace Verbose: 0 : 26208, 10, 2023/03/09, 10:33:49.531, 828545548085, vstest.console.dll, TcpClientExtensions.MessageLoopAsync: NotifyDataAvailable remoteEndPoint: 127.0.0.1:56011 localEndPoint: 127.0.0.1:56010
TpTrace Verbose: 0 : 26208, 10, 2023/03/09, 10:33:49.532, 828545552086, vstest.console.dll, TestRequestSender.CheckVersionWithTestHost: onMessageReceived received message: (ProtocolVersion) -> {"MessageType":"ProtocolVersion","Payload":7}
TpTrace Verbose: 0 : 26208, 10, 2023/03/09, 10:33:49.533, 828545559864, vstest.console.dll, MulticastDelegateUtilities.SafeInvoke: LengthPrefixCommunicationChannel: MessageReceived: Invoking callback 1/1 for Microsoft.VisualStudio.TestPlatform.CommunicationUtilities.TestRequestSender+<>c__DisplayClass26_0., took 0 ms.
TpTrace Verbose: 0 : 26208, 7, 2023/03/09, 10:33:49.533, 828545560774, vstest.console.dll, TestPluginCache.GetExtensionPaths: Filtered extension paths: 
TpTrace Verbose: 0 : 26208, 10, 2023/03/09, 10:33:49.533, 828545560956, vstest.console.dll, TcpClientExtensions.MessageLoopAsync: Polling on remoteEndPoint: 127.0.0.1:56011 localEndPoint: 127.0.0.1:56010
TpTrace Verbose: 0 : 26208, 7, 2023/03/09, 10:33:49.533, 828545561727, vstest.console.dll, TestPluginCache.GetExtensionPaths: Added default extension paths: C:\Program Files\dotnet\sdk\7.0.102\Extensions\Microsoft.Diagnostics.NETCore.Client.dll
C:\Program Files\dotnet\sdk\7.0.102\Extensions\Microsoft.TestPlatform.Extensions.BlameDataCollector.dll
C:\Program Files\dotnet\sdk\7.0.102\Extensions\Microsoft.TestPlatform.Extensions.EventLogCollector.dll
C:\Program Files\dotnet\sdk\7.0.102\Extensions\Microsoft.TestPlatform.TestHostRuntimeProvider.dll
C:\Program Files\dotnet\sdk\7.0.102\Extensions\Microsoft.VisualStudio.TestPlatform.Extensions.Html.TestLogger.dll
C:\Program Files\dotnet\sdk\7.0.102\Extensions\Microsoft.VisualStudio.TestPlatform.Extensions.Trx.TestLogger.dll
TpTrace Verbose: 0 : 26208, 7, 2023/03/09, 10:33:49.533, 828545563747, vstest.console.dll, TestPluginCache.GetExtensionPaths: Added unfilterableExtensionPaths: 
TpTrace Verbose: 0 : 26208, 7, 2023/03/09, 10:33:49.538, 828545617031, vstest.console.dll, TestRequestSender.InitializeExecution: Sending initialize execution with message: {"Version":7,"MessageType":"TestExecution.Initialize","Payload":["C:\\Users\\Decadev\\Desktop\\My Weekly Task\\Bank Model\\BankAppNUnitTest\\bin\\Debug\\net7.0\\fine-code-coverage\\build-output\\NUnit3.TestAdapter.dll"]}
TpTrace Warning: 0 : 26208, 7, 2023/03/09, 10:33:49.539, 828545622908, vstest.console.dll, InferRunSettingsHelper.MakeRunsettingsCompatible: Removing the following settings: TargetPlatform from RunSettings file. To use those settings please move to latest version of Microsoft.NET.Test.Sdk
TpTrace Verbose: 0 : 26208, 10, 2023/03/09, 10:33:49.542, 828545653568, vstest.console.dll, TcpClientExtensions.MessageLoopAsync: NotifyDataAvailable remoteEndPoint: 127.0.0.1:56011 localEndPoint: 127.0.0.1:56010
TpTrace Verbose: 0 : 26208, 10, 2023/03/09, 10:33:49.542, 828545658453, vstest.console.dll, TestRequestSender.OnExecutionMessageReceived: Received message: {"Version":7,"MessageType":"TestSession.Message","Payload":{"MessageLevel":0,"Message":"Logging TestHost Diagnostics in file: C:\\Users\\Decadev\\Desktop\\My Weekly Task\\Bank Model\\BankAppNUnitTest\\bin\\Debug\\net7.0\\fine-code-coverage\\coverage-tool-output\\diagnostics.host.23-03-09_10-33-49_04562_7.log"}}
TpTrace Verbose: 0 : 26208, 10, 2023/03/09, 10:33:49.551, 828545741546, vstest.console.dll, TestRunRequest:SendTestRunMessage: Starting.
TpTrace Verbose: 0 : 26208, 4, 2023/03/09, 10:33:49.551, 828545745361, vstest.console.dll, MulticastDelegateUtilities.SafeInvoke: InternalTestLoggerEvents.SendTestRunMessage: Invoking callback 1/1 for Microsoft.VisualStudio.TestPlatform.CommandLine.Internal.ConsoleLogger., took 0 ms.
TpTrace Verbose: 0 : 26208, 10, 2023/03/09, 10:33:49.551, 828545745342, vstest.console.dll, MulticastDelegateUtilities.SafeInvoke: TestRun.LogMessages: Invoking callback 1/1 for Microsoft.VisualStudio.TestPlatform.CommandLine.TestRunResultAggregator., took 0 ms.
TpTrace Information: 0 : 26208, 10, 2023/03/09, 10:33:49.551, 828545746958, vstest.console.dll, TestRunRequest:SendTestRunMessage: Completed.
TpTrace Verbose: 0 : 26208, 10, 2023/03/09, 10:33:49.551, 828545747481, vstest.console.dll, MulticastDelegateUtilities.SafeInvoke: LengthPrefixCommunicationChannel: MessageReceived: Invoking callback 1/1 for Microsoft.VisualStudio.TestPlatform.CommunicationUtilities.TestRequestSender+<>c__DisplayClass31_0., took 9 ms.
TpTrace Verbose: 0 : 26208, 10, 2023/03/09, 10:33:49.551, 828545747826, vstest.console.dll, TcpClientExtensions.MessageLoopAsync: Polling on remoteEndPoint: 127.0.0.1:56011 localEndPoint: 127.0.0.1:56010
TpTrace Verbose: 0 : 26208, 7, 2023/03/09, 10:33:49.554, 828545775620, vstest.console.dll, TestRequestSender.StartTestRun: Sending test run with message: {"Version":7,"MessageType":"TestExecution.StartWithSources","Payload":{"AdapterSourceMap":{"_none_":["C:\\Users\\Decadev\\Desktop\\My Weekly Task\\Bank Model\\BankAppNUnitTest\\bin\\Debug\\net7.0\\fine-code-coverage\\build-output\\BankAppNUnitTest.dll"]},"RunSettings":"<RunSettings>\r\n  <RunConfiguration>\r\n    <ResultsDirectory>C:\\Users\\Decadev\\Desktop\\My Weekly Task\\Bank Model\\BankAppNUnitTest\\bin\\Debug\\net7.0\\fine-code-coverage\\coverage-tool-output</ResultsDirectory>\r\n    <TargetFrameworkVersion>.NETCoreApp,Version=v7.0</TargetFrameworkVersion>\r\n    <DesignMode>False</DesignMode>\r\n    <CollectSourceInformation>False</CollectSourceInformation>\r\n  </RunConfiguration>\r\n  <LoggerRunSettings>\r\n    <Loggers>\r\n      <Logger friendlyName=\"blame\" enabled=\"True\" />\r\n      <Logger friendlyName=\"Console\" uri=\"logger://microsoft/TestPlatform/ConsoleLogger/v1\" assemblyQualifiedName=\"Microsoft.VisualStudio.TestPlatform.CommandLine.Internal.ConsoleLogger, vstest.console, Version=15.0.0.0, Culture=neutral, PublicKeyToken=b03f5f7f11d50a3a\" codeBase=\"C:\\Program Files\\dotnet\\sdk\\7.0.102\\vstest.console.dll\" enabled=\"True\" />\r\n    </Loggers>\r\n  </LoggerRunSettings>\r\n  <DataCollectionRunSettings>\r\n    <DataCollectors>\r\n      <DataCollector friendlyName=\"blame\" enabled=\"True\">\r\n        <Configuration>\r\n          <ResultsDirectory>C:\\Users\\Decadev\\Desktop\\My Weekly Task\\Bank Model\\BankAppNUnitTest\\bin\\Debug\\net7.0\\fine-code-coverage\\coverage-tool-output</ResultsDirectory>\r\n        </Configuration>\r\n      </DataCollector>\r\n    </DataCollectors>\r\n  </DataCollectionRunSettings>\r\n</RunSettings>","TestExecutionContext":{"FrequencyOfRunStatsChangeEvent":10,"RunStatsChangeEventTimeout":"00:00:01.5000000","InIsolation":false,"KeepAlive":false,"AreTestCaseLevelEventsRequired":false,"IsDebug":false,"TestCaseFilter":null,"FilterOptions":null},"Package":null}}
TpTrace Verbose: 0 : 26208, 10, 2023/03/09, 10:33:49.784, 828548069865, vstest.console.dll, TcpClientExtensions.MessageLoopAsync: NotifyDataAvailable remoteEndPoint: 127.0.0.1:56011 localEndPoint: 127.0.0.1:56010
TpTrace Verbose: 0 : 26208, 10, 2023/03/09, 10:33:49.784, 828548071994, vstest.console.dll, TestRequestSender.OnExecutionMessageReceived: Received message: {"Version":7,"MessageType":"TestSession.Message","Payload":{"MessageLevel":0,"Message":"NUnit Adapter 4.4.0.0: Test execution started"}}
TpTrace Verbose: 0 : 26208, 10, 2023/03/09, 10:33:49.784, 828548075402, vstest.console.dll, TestRunRequest:SendTestRunMessage: Starting.
TpTrace Verbose: 0 : 26208, 10, 2023/03/09, 10:33:49.784, 828548076533, vstest.console.dll, MulticastDelegateUtilities.SafeInvoke: TestRun.LogMessages: Invoking callback 1/1 for Microsoft.VisualStudio.TestPlatform.CommandLine.TestRunResultAggregator., took 0 ms.
TpTrace Information: 0 : 26208, 10, 2023/03/09, 10:33:49.784, 828548076873, vstest.console.dll, TestRunRequest:SendTestRunMessage: Completed.
TpTrace Verbose: 0 : 26208, 10, 2023/03/09, 10:33:49.784, 828548077148, vstest.console.dll, MulticastDelegateUtilities.SafeInvoke: LengthPrefixCommunicationChannel: MessageReceived: Invoking callback 1/1 for Microsoft.VisualStudio.TestPlatform.CommunicationUtilities.TestRequestSender+<>c__DisplayClass31_0., took 0 ms.
TpTrace Verbose: 0 : 26208, 4, 2023/03/09, 10:33:49.784, 828548077426, vstest.console.dll, MulticastDelegateUtilities.SafeInvoke: InternalTestLoggerEvents.SendTestRunMessage: Invoking callback 1/1 for Microsoft.VisualStudio.TestPlatform.CommandLine.Internal.ConsoleLogger., took 0 ms.
TpTrace Verbose: 0 : 26208, 10, 2023/03/09, 10:33:49.784, 828548077572, vstest.console.dll, TcpClientExtensions.MessageLoopAsync: Polling on remoteEndPoint: 127.0.0.1:56011 localEndPoint: 127.0.0.1:56010
TpTrace Verbose: 0 : 26208, 10, 2023/03/09, 10:33:49.815, 828548384807, vstest.console.dll, TcpClientExtensions.MessageLoopAsync: NotifyDataAvailable remoteEndPoint: 127.0.0.1:56011 localEndPoint: 127.0.0.1:56010
TpTrace Verbose: 0 : 26208, 10, 2023/03/09, 10:33:49.815, 828548388186, vstest.console.dll, TestRequestSender.OnExecutionMessageReceived: Received message: {"Version":7,"MessageType":"TestSession.Message","Payload":{"MessageLevel":0,"Message":"Running all tests in C:\\Users\\Decadev\\Desktop\\My Weekly Task\\Bank Model\\BankAppNUnitTest\\bin\\Debug\\net7.0\\fine-code-coverage\\build-output\\BankAppNUnitTest.dll"}}
TpTrace Verbose: 0 : 26208, 10, 2023/03/09, 10:33:49.816, 828548389646, vstest.console.dll, TestRunRequest:SendTestRunMessage: Starting.
TpTrace Verbose: 0 : 26208, 10, 2023/03/09, 10:33:49.816, 828548390285, vstest.console.dll, MulticastDelegateUtilities.SafeInvoke: TestRun.LogMessages: Invoking callback 1/1 for Microsoft.VisualStudio.TestPlatform.CommandLine.TestRunResultAggregator., took 0 ms.
TpTrace Information: 0 : 26208, 10, 2023/03/09, 10:33:49.816, 828548390617, vstest.console.dll, TestRunRequest:SendTestRunMessage: Completed.
TpTrace Verbose: 0 : 26208, 4, 2023/03/09, 10:33:49.816, 828548390666, vstest.console.dll, MulticastDelegateUtilities.SafeInvoke: InternalTestLoggerEvents.SendTestRunMessage: Invoking callback 1/1 for Microsoft.VisualStudio.TestPlatform.CommandLine.Internal.ConsoleLogger., took 0 ms.
TpTrace Verbose: 0 : 26208, 10, 2023/03/09, 10:33:49.816, 828548392295, vstest.console.dll, MulticastDelegateUtilities.SafeInvoke: LengthPrefixCommunicationChannel: MessageReceived: Invoking callback 1/1 for Microsoft.VisualStudio.TestPlatform.CommunicationUtilities.TestRequestSender+<>c__DisplayClass31_0., took 0 ms.
TpTrace Verbose: 0 : 26208, 10, 2023/03/09, 10:33:49.816, 828548393002, vstest.console.dll, TcpClientExtensions.MessageLoopAsync: Polling on remoteEndPoint: 127.0.0.1:56011 localEndPoint: 127.0.0.1:56010
TpTrace Verbose: 0 : 26208, 10, 2023/03/09, 10:33:50.014, 828550372166, vstest.console.dll, TcpClientExtensions.MessageLoopAsync: NotifyDataAvailable remoteEndPoint: 127.0.0.1:56011 localEndPoint: 127.0.0.1:56010
TpTrace Verbose: 0 : 26208, 10, 2023/03/09, 10:33:50.014, 828550375159, vstest.console.dll, TestRequestSender.OnExecutionMessageReceived: Received message: {"Version":7,"MessageType":"TestSession.Message","Payload":{"MessageLevel":0,"Message":"   NUnit3TestExecutor discovered 16 of 16 NUnit test cases using Current Discovery mode, Non-Explicit run"}}
TpTrace Verbose: 0 : 26208, 10, 2023/03/09, 10:33:50.014, 828550378675, vstest.console.dll, TestRunRequest:SendTestRunMessage: Starting.
TpTrace Verbose: 0 : 26208, 10, 2023/03/09, 10:33:50.015, 828550379917, vstest.console.dll, MulticastDelegateUtilities.SafeInvoke: TestRun.LogMessages: Invoking callback 1/1 for Microsoft.VisualStudio.TestPlatform.CommandLine.TestRunResultAggregator., took 0 ms.
TpTrace Information: 0 : 26208, 10, 2023/03/09, 10:33:50.015, 828550380472, vstest.console.dll, TestRunRequest:SendTestRunMessage: Completed.
TpTrace Verbose: 0 : 26208, 4, 2023/03/09, 10:33:50.015, 828550380095, vstest.console.dll, MulticastDelegateUtilities.SafeInvoke: InternalTestLoggerEvents.SendTestRunMessage: Invoking callback 1/1 for Microsoft.VisualStudio.TestPlatform.CommandLine.Internal.ConsoleLogger., took 0 ms.
TpTrace Verbose: 0 : 26208, 10, 2023/03/09, 10:33:50.015, 828550380948, vstest.console.dll, MulticastDelegateUtilities.SafeInvoke: LengthPrefixCommunicationChannel: MessageReceived: Invoking callback 1/1 for Microsoft.VisualStudio.TestPlatform.CommunicationUtilities.TestRequestSender+<>c__DisplayClass31_0., took 0 ms.
TpTrace Verbose: 0 : 26208, 10, 2023/03/09, 10:33:50.015, 828550382805, vstest.console.dll, TcpClientExtensions.MessageLoopAsync: Polling on remoteEndPoint: 127.0.0.1:56011 localEndPoint: 127.0.0.1:56010
TpTrace Verbose: 0 : 26208, 10, 2023/03/09, 10:33:50.145, 828551685102, vstest.console.dll, TcpClientExtensions.MessageLoopAsync: NotifyDataAvailable remoteEndPoint: 127.0.0.1:56011 localEndPoint: 127.0.0.1:56010
TpTrace Verbose: 0 : 26208, 10, 2023/03/09, 10:33:50.145, 828551687149, vstest.console.dll, TestRequestSender.OnExecutionMessageReceived: Received message: {"Version":7,"MessageType":"TestSession.Message","Payload":{"MessageLevel":1,"Message":"Name has to be a capitalized and without digits\r\n"}}
TpTrace Verbose: 0 : 26208, 10, 2023/03/09, 10:33:50.145, 828551688962, vstest.console.dll, TestRunRequest:SendTestRunMessage: Starting.
TpTrace Verbose: 0 : 26208, 10, 2023/03/09, 10:33:50.145, 828551689538, vstest.console.dll, MulticastDelegateUtilities.SafeInvoke: TestRun.LogMessages: Invoking callback 1/1 for Microsoft.VisualStudio.TestPlatform.CommandLine.TestRunResultAggregator., took 0 ms.
TpTrace Information: 0 : 26208, 10, 2023/03/09, 10:33:50.146, 828551689791, vstest.console.dll, TestRunRequest:SendTestRunMessage: Completed.
TpTrace Verbose: 0 : 26208, 10, 2023/03/09, 10:33:50.146, 828551690016, vstest.console.dll, MulticastDelegateUtilities.SafeInvoke: LengthPrefixCommunicationChannel: MessageReceived: Invoking callback 1/1 for Microsoft.VisualStudio.TestPlatform.CommunicationUtilities.TestRequestSender+<>c__DisplayClass31_0., took 0 ms.
TpTrace Verbose: 0 : 26208, 10, 2023/03/09, 10:33:50.146, 828551690245, vstest.console.dll, TcpClientExtensions.MessageLoopAsync: Polling on remoteEndPoint: 127.0.0.1:56011 localEndPoint: 127.0.0.1:56010
TpTrace Verbose: 0 : 26208, 4, 2023/03/09, 10:33:50.146, 828551693484, vstest.console.dll, MulticastDelegateUtilities.SafeInvoke: InternalTestLoggerEvents.SendTestRunMessage: Invoking callback 1/1 for Microsoft.VisualStudio.TestPlatform.CommandLine.Internal.ConsoleLogger., took 0 ms.
TpTrace Verbose: 0 : 26208, 10, 2023/03/09, 10:33:50.173, 828551967544, vstest.console.dll, TcpClientExtensions.MessageLoopAsync: NotifyDataAvailable remoteEndPoint: 127.0.0.1:56011 localEndPoint: 127.0.0.1:56010
TpTrace Verbose: 0 : 26208, 10, 2023/03/09, 10:33:50.173, 828551969097, vstest.console.dll, TestRequestSender.OnExecutionMessageReceived: Received message: {"Version":7,"MessageType":"TestSession.Message","Payload":{"MessageLevel":1,"Message":"Name has to be a capitalized and without digits\r\n"}}
TpTrace Verbose: 0 : 26208, 10, 2023/03/09, 10:33:50.174, 828551970859, vstest.console.dll, TestRunRequest:SendTestRunMessage: Starting.
TpTrace Verbose: 0 : 26208, 10, 2023/03/09, 10:33:50.174, 828551971902, vstest.console.dll, MulticastDelegateUtilities.SafeInvoke: TestRun.LogMessages: Invoking callback 1/1 for Microsoft.VisualStudio.TestPlatform.CommandLine.TestRunResultAggregator., took 0 ms.
TpTrace Information: 0 : 26208, 10, 2023/03/09, 10:33:50.174, 828551972511, vstest.console.dll, TestRunRequest:SendTestRunMessage: Completed.
TpTrace Verbose: 0 : 26208, 10, 2023/03/09, 10:33:50.174, 828551973005, vstest.console.dll, MulticastDelegateUtilities.SafeInvoke: LengthPrefixCommunicationChannel: MessageReceived: Invoking callback 1/1 for Microsoft.VisualStudio.TestPlatform.CommunicationUtilities.TestRequestSender+<>c__DisplayClass31_0., took 0 ms.
TpTrace Verbose: 0 : 26208, 10, 2023/03/09, 10:33:50.174, 828551973516, vstest.console.dll, TcpClientExtensions.MessageLoopAsync: Polling on remoteEndPoint: 127.0.0.1:56011 localEndPoint: 127.0.0.1:56010
TpTrace Verbose: 0 : 26208, 4, 2023/03/09, 10:33:50.174, 828551973967, vstest.console.dll, MulticastDelegateUtilities.SafeInvoke: InternalTestLoggerEvents.SendTestRunMessage: Invoking callback 1/1 for Microsoft.VisualStudio.TestPlatform.CommandLine.Internal.ConsoleLogger., took 0 ms.
TpTrace Verbose: 0 : 26208, 10, 2023/03/09, 10:33:50.189, 828552125461, vstest.console.dll, TcpClientExtensions.MessageLoopAsync: NotifyDataAvailable remoteEndPoint: 127.0.0.1:56011 localEndPoint: 127.0.0.1:56010
TpTrace Verbose: 0 : 26208, 10, 2023/03/09, 10:33:50.189, 828552127292, vstest.console.dll, TestRequestSender.OnExecutionMessageReceived: Received message: {"Version":7,"MessageType":"TestSession.Message","Payload":{"MessageLevel":1,"Message":"Invalid account !\r\n"}}
TpTrace Verbose: 0 : 26208, 10, 2023/03/09, 10:33:50.189, 828552129019, vstest.console.dll, TestRunRequest:SendTestRunMessage: Starting.
TpTrace Verbose: 0 : 26208, 10, 2023/03/09, 10:33:50.190, 828552129965, vstest.console.dll, MulticastDelegateUtilities.SafeInvoke: TestRun.LogMessages: Invoking callback 1/1 for Microsoft.VisualStudio.TestPlatform.CommandLine.TestRunResultAggregator., took 0 ms.
TpTrace Information: 0 : 26208, 10, 2023/03/09, 10:33:50.190, 828552130393, vstest.console.dll, TestRunRequest:SendTestRunMessage: Completed.
TpTrace Verbose: 0 : 26208, 10, 2023/03/09, 10:33:50.190, 828552130736, vstest.console.dll, MulticastDelegateUtilities.SafeInvoke: LengthPrefixCommunicationChannel: MessageReceived: Invoking callback 1/1 for Microsoft.VisualStudio.TestPlatform.CommunicationUtilities.TestRequestSender+<>c__DisplayClass31_0., took 0 ms.
TpTrace Verbose: 0 : 26208, 10, 2023/03/09, 10:33:50.190, 828552131138, vstest.console.dll, TcpClientExtensions.MessageLoopAsync: Polling on remoteEndPoint: 127.0.0.1:56011 localEndPoint: 127.0.0.1:56010
TpTrace Verbose: 0 : 26208, 4, 2023/03/09, 10:33:50.190, 828552131834, vstest.console.dll, MulticastDelegateUtilities.SafeInvoke: InternalTestLoggerEvents.SendTestRunMessage: Invoking callback 1/1 for Microsoft.VisualStudio.TestPlatform.CommandLine.Internal.ConsoleLogger., took 0 ms.
TpTrace Verbose: 0 : 26208, 10, 2023/03/09, 10:33:50.195, 828552186697, vstest.console.dll, TcpClientExtensions.MessageLoopAsync: NotifyDataAvailable remoteEndPoint: 127.0.0.1:56011 localEndPoint: 127.0.0.1:56010
TpTrace Verbose: 0 : 26208, 10, 2023/03/09, 10:33:50.195, 828552188524, vstest.console.dll, TestRequestSender.OnExecutionMessageReceived: Received message: {"Version":7,"MessageType":"TestSession.Message","Payload":{"MessageLevel":1,"Message":"Invalid account !\r\n"}}
TpTrace Verbose: 0 : 26208, 10, 2023/03/09, 10:33:50.196, 828552190192, vstest.console.dll, TestRunRequest:SendTestRunMessage: Starting.
TpTrace Verbose: 0 : 26208, 10, 2023/03/09, 10:33:50.196, 828552191031, vstest.console.dll, MulticastDelegateUtilities.SafeInvoke: TestRun.LogMessages: Invoking callback 1/1 for Microsoft.VisualStudio.TestPlatform.CommandLine.TestRunResultAggregator., took 0 ms.
TpTrace Information: 0 : 26208, 10, 2023/03/09, 10:33:50.196, 828552191537, vstest.console.dll, TestRunRequest:SendTestRunMessage: Completed.
TpTrace Verbose: 0 : 26208, 10, 2023/03/09, 10:33:50.196, 828552191919, vstest.console.dll, MulticastDelegateUtilities.SafeInvoke: LengthPrefixCommunicationChannel: MessageReceived: Invoking callback 1/1 for Microsoft.VisualStudio.TestPlatform.CommunicationUtilities.TestRequestSender+<>c__DisplayClass31_0., took 0 ms.
TpTrace Verbose: 0 : 26208, 10, 2023/03/09, 10:33:50.196, 828552192428, vstest.console.dll, TcpClientExtensions.MessageLoopAsync: Polling on remoteEndPoint: 127.0.0.1:56011 localEndPoint: 127.0.0.1:56010
TpTrace Verbose: 0 : 26208, 4, 2023/03/09, 10:33:50.196, 828552193553, vstest.console.dll, MulticastDelegateUtilities.SafeInvoke: InternalTestLoggerEvents.SendTestRunMessage: Invoking callback 1/1 for Microsoft.VisualStudio.TestPlatform.CommandLine.Internal.ConsoleLogger., took 0 ms.
TpTrace Verbose: 0 : 26208, 10, 2023/03/09, 10:33:50.269, 828552919730, vstest.console.dll, TcpClientExtensions.MessageLoopAsync: NotifyDataAvailable remoteEndPoint: 127.0.0.1:56011 localEndPoint: 127.0.0.1:56010
TpTrace Verbose: 0 : 26208, 10, 2023/03/09, 10:33:50.269, 828552922645, vstest.console.dll, TestRequestSender.OnExecutionMessageReceived: Received message: {"Version":7,"MessageType":"TestExecution.StatsChange","Payload":{"NewTestResults":[{"TestCase":{"Id":"5490f420-cdd6-0ec8-2373-c94a62fbb2c5","FullyQualifiedName":"BankAppNUnitTest.NUnitValidatiionClass.CapitalizeCheckTest(\"steve\",\"jasper\")","DisplayName":"CapitalizeCheckTest(\"steve\",\"jasper\")","ExecutorUri":"executor://NUnit3TestExecutor","Source":"C:\\Users\\Decadev\\Desktop\\My Weekly Task\\Bank Model\\BankAppNUnitTest\\bin\\Debug\\net7.0\\fine-code-coverage\\build-output\\BankAppNUnitTest.dll","CodeFilePath":null,"LineNumber":0,"Properties":[{"Key":{"Id":"NUnit.Seed","Label":"Seed","Category":"","Description":"","Attributes":0,"ValueType":"System.String"},"Value":"1265910940"}]},"Attachments":[],"Outcome":1,"ErrorMessage":null,"ErrorStackTrace":null,"DisplayName":"CapitalizeCheckTest(\"steve\",\"jasper\")","Messages":[{"Category":"StdOutMsgs","Text":"Name has to be a capitalized and without digits\r\n"}],"ComputerName":"DECAGON","Duration":"00:00:00.0272890","StartTime":"2023-03-09T09:33:50.0602022+00:00","EndTime":"2023-03-09T09:33:50.0873011+00:00","Properties":[{"Key":{"Id":"NUnit.Seed","Label":"Seed","Category":"","Description":"","Attributes":0,"ValueType":"System.String"},"Value":"1265910940"}]},{"TestCase":{"Id":"780e7f38-d09c-296c-53e2-3a978e13cbc9","FullyQualifiedName":"BankAppNUnitTest.NUnitValidatiionClass.CapitalizeCheckTest(\"201567812a\",\"0\")","DisplayName":"CapitalizeCheckTest(\"201567812a\",\"0\")","ExecutorUri":"executor://NUnit3TestExecutor","Source":"C:\\Users\\Decadev\\Desktop\\My Weekly Task\\Bank Model\\BankAppNUnitTest\\bin\\Debug\\net7.0\\fine-code-coverage\\build-output\\BankAppNUnitTest.dll","CodeFilePath":null,"LineNumber":0,"Properties":[{"Key":{"Id":"NUnit.Seed","Label":"Seed","Category":"","Description":"","Attributes":0,"ValueType":"System.String"},"Value":"1015935123"}]},"Attachments":[],"Outcome":1,"ErrorMessage":null,"ErrorStackTrace":null,"DisplayName":"CapitalizeCheckTest(\"201567812a\",\"0\")","Messages":[{"Category":"StdOutMsgs","Text":"Name has to be a capitalized and without digits\r\n"}],"ComputerName":"DECAGON","Duration":"00:00:00.0011100","StartTime":"2023-03-09T09:33:50.0912061+00:00","EndTime":"2023-03-09T09:33:50.0923162+00:00","Properties":[{"Key":{"Id":"NUnit.Seed","Label":"Seed","Category":"","Description":"","Attributes":0,"ValueType":"System.String"},"Value":"1015935123"}]},{"TestCase":{"Id":"3de90330-3cdb-210f-89cf-ab267227f4a6","FullyQualifiedName":"BankAppNUnitTest.NUnitValidatiionClass.DepositAccountValidation(\"2011136798\",\"1000\")","DisplayName":"DepositAccountValidation(\"2011136798\",\"1000\")","ExecutorUri":"executor://NUnit3TestExecutor","Source":"C:\\Users\\Decadev\\Desktop\\My Weekly Task\\Bank Model\\BankAppNUnitTest\\bin\\Debug\\net7.0\\fine-code-coverage\\build-output\\BankAppNUnitTest.dll","CodeFilePath":null,"LineNumber":0,"Properties":[{"Key":{"Id":"NUnit.Seed","Label":"Seed","Category":"","Description":"","Attributes":0,"ValueType":"System.String"},"Value":"1335940590"}]},"Attachments":[],"Outcome":1,"ErrorMessage":null,"ErrorStackTrace":null,"DisplayName":"DepositAccountValidation(\"2011136798\",\"1000\")","Messages":[],"ComputerName":"DECAGON","Duration":"00:00:00.0012780","StartTime":"2023-03-09T09:33:50.095466+00:00","EndTime":"2023-03-09T09:33:50.0967433+00:00","Properties":[{"Key":{"Id":"NUnit.Seed","Label":"Seed","Category":"","Description":"","Attributes":0,"ValueType":"System.String"},"Value":"1335940590"}]},{"TestCase":{"Id":"0f82b65f-bf03-6538-6430-777b5c8c2117","FullyQualifiedName":"BankAppNUnitTest.NUnitValidatiionClass.DepositAccountValidation(\"201567812a\",\"0\")","DisplayName":"DepositAccountValidation(\"201567812a\",\"0\")","ExecutorUri":"executor://NUnit3TestExecutor","Source":"C:\\Users\\Decadev\\Desktop\\My Weekly Task\\Bank Model\\BankAppNUnitTest\\bin\\Debug\\net7.0\\fine-code-coverage\\build-output\\BankAppNUnitTest.dll","CodeFilePath":null,"LineNumber":0,"Properties":[{"Key":{"Id":"NUnit.Seed","Label":"Seed","Category":"","Description":"","Attributes":0,"ValueType":"System.String"},"Value":"1341570012"}]},"Attachments":[],"Outcome":1,"ErrorMessage":null,"ErrorStackTrace":null,"DisplayName":"DepositAccountValidation(\"201567812a\",\"0\")","Messages":[{"Category":"StdOutMsgs","Text":"Invalid account !\r\n"}],"ComputerName":"DECAGON","Duration":"00:00:00.0006430","StartTime":"2023-03-09T09:33:50.0967788+00:00","EndTime":"2023-03-09T09:33:50.0974214+00:00","Properties":[{"Key":{"Id":"NUnit.Seed","Label":"Seed","Category":"","Description":"","Attributes":0,"ValueType":"System.String"},"Value":"1341570012"}]},{"TestCase":{"Id":"77a86ec0-0a17-926d-e3d8-8b54249d643a","FullyQualifiedName":"BankAppNUnitTest.NUnitValidatiionClass.DepositAccountValidation(\"2015678\",\"2000\")","DisplayName":"DepositAccountValidation(\"2015678\",\"2000\")","ExecutorUri":"executor://NUnit3TestExecutor","Source":"C:\\Users\\Decadev\\Desktop\\My Weekly Task\\Bank Model\\BankAppNUnitTest\\bin\\Debug\\net7.0\\fine-code-coverage\\build-output\\BankAppNUnitTest.dll","CodeFilePath":null,"LineNumber":0,"Properties":[{"Key":{"Id":"NUnit.Seed","Label":"Seed","Category":"","Description":"","Attributes":0,"ValueType":"System.String"},"Value":"278330999"}]},"Attachments":[],"Outcome":1,"ErrorMessage":null,"ErrorStackTrace":null,"DisplayName":"DepositAccountValidation(\"2015678\",\"2000\")","Messages":[{"Category":"StdOutMsgs","Text":"Invalid account !\r\n"}],"ComputerName":"DECAGON","Duration":"00:00:00.0000430","StartTime":"2023-03-09T09:33:50.0974545+00:00","EndTime":"2023-03-09T09:33:50.0974979+00:00","Properties":[{"Key":{"Id":"NUnit.Seed","Label":"Seed","Category":"","Description":"","Attributes":0,"ValueType":"System.String"},"Value":"278330999"}]},{"TestCase":{"Id":"2d70c175-f400-8808-a39a-36136806d65b","FullyQualifiedName":"BankAppNUnitTest.NUnitValidatiionClass.depositAddToBalance_depositLimit","DisplayName":"depositAddToBalance_depositLimit","ExecutorUri":"executor://NUnit3TestExecutor","Source":"C:\\Users\\Decadev\\Desktop\\My Weekly Task\\Bank Model\\BankAppNUnitTest\\bin\\Debug\\net7.0\\fine-code-coverage\\build-output\\BankAppNUnitTest.dll","CodeFilePath":null,"LineNumber":0,"Properties":[{"Key":{"Id":"NUnit.Seed","Label":"Seed","Category":"","Description":"","Attributes":0,"ValueType":"System.String"},"Value":"1877680469"}]},"Attachments":[],"Outcome":1,"ErrorMessage":null,"ErrorStackTrace":null,"DisplayName":"depositAddToBalance_depositLimit","Messages":[],"ComputerName":"DECAGON","Duration":"00:00:00.0023470","StartTime":"2023-03-09T09:33:50.0976315+00:00","EndTime":"2023-03-09T09:33:50.0999774+00:00","Properties":[{"Key":{"Id":"NUnit.Seed","Label":"Seed","Category":"","Description":"","Attributes":0,"ValueType":"System.String"},"Value":"1877680469"}]},{"TestCase":{"Id":"72260d2a-129e-96a6-acb3-547130276735","FullyQualifiedName":"BankAppNUnitTest.NUnitValidatiionClass.depositAddToBalance_depositLimitArgumentOutOfRangeException","DisplayName":"depositAddToBalance_depositLimitArgumentOutOfRangeException","ExecutorUri":"executor://NUnit3TestExecutor","Source":"C:\\Users\\Decadev\\Desktop\\My Weekly Task\\Bank Model\\BankAppNUnitTest\\bin\\Debug\\net7.0\\fine-code-coverage\\build-output\\BankAppNUnitTest.dll","CodeFilePath":null,"LineNumber":0,"Properties":[{"Key":{"Id":"NUnit.Seed","Label":"Seed","Category":"","Description":"","Attributes":0,"ValueType":"System.String"},"Value":"1554154950"}]},"Attachments":[],"Outcome":2,"ErrorMessage":"System.ArgumentOutOfRangeException : Specified argument was out of the range of valid values. (Parameter 'amount')","ErrorStackTrace":"   at Bank_Model.Account.depositAddToBalance(Double amount) in C:\\Users\\Decadev\\Desktop\\My Weekly Task\\Bank Model\\Bank Model\\Account.cs:line 107\r\n   at BankAppNUnitTest.NUnitValidatiionClass.depositAddToBalance_depositLimitArgumentOutOfRangeException() in C:\\Users\\Decadev\\Desktop\\My Weekly Task\\Bank Model\\BankAppNUnitTest\\NUnitValidatiionClass.cs:line 138\r\n   at System.RuntimeMethodHandle.InvokeMethod(Object target, Void** arguments, Signature sig, Boolean isConstructor)\r\n   at System.Reflection.MethodInvoker.Invoke(Object obj, IntPtr* args, BindingFlags invokeAttr)\n","DisplayName":"depositAddToBalance_depositLimitArgumentOutOfRangeException","Messages":[],"ComputerName":"DECAGON","Duration":"00:00:00.0101140","StartTime":"2023-03-09T09:33:50.1000085+00:00","EndTime":"2023-03-09T09:33:50.1101216+00:00","Properties":[{"Key":{"Id":"NUnit.Seed","Label":"Seed","Category":"","Description":"","Attributes":0,"ValueType":"System.String"},"Value":"1554154950"}]},{"TestCase":{"Id":"119036f8-f104-59f3-8524-4ae5b9b91a42","FullyQualifiedName":"BankAppNUnitTest.NUnitValidatiionClass.isDoubleValidationTest","DisplayName":"isDoubleValidationTest","ExecutorUri":"executor://NUnit3TestExecutor","Source":"C:\\Users\\Decadev\\Desktop\\My Weekly Task\\Bank Model\\BankAppNUnitTest\\bin\\Debug\\net7.0\\fine-code-coverage\\build-output\\BankAppNUnitTest.dll","CodeFilePath":null,"LineNumber":0,"Properties":[{"Key":{"Id":"NUnit.Seed","Label":"Seed","Category":"","Description":"","Attributes":0,"ValueType":"System.String"},"Value":"541048255"}]},"Attachments":[],"Outcome":1,"ErrorMessage":null,"ErrorStackTrace":null,"DisplayName":"isDoubleValidationTest","Messages":[],"ComputerName":"DECAGON","Duration":"00:00:00.0009859","StartTime":"2023-03-09T09:33:50.1103226+00:00","EndTime":"2023-03-09T09:33:50.1113084+00:00","Properties":[{"Key":{"Id":"NUnit.Seed","Label":"Seed","Category":"","Description":"","Attributes":0,"ValueType":"System.String"},"Value":"541048255"}]},{"TestCase":{"Id":"166cc972-9f88-6c07-240b-b6c4cbefd9ed","FullyQualifiedName":"BankAppNUnitTest.NUnitValidatiionClass.IsIntegerValidationTest(\"3000\",0)","DisplayName":"IsIntegerValidationTest(\"3000\",0)","ExecutorUri":"executor://NUnit3TestExecutor","Source":"C:\\Users\\Decadev\\Desktop\\My Weekly Task\\Bank Model\\BankAppNUnitTest\\bin\\Debug\\net7.0\\fine-code-coverage\\build-output\\BankAppNUnitTest.dll","CodeFilePath":null,"LineNumber":0,"Properties":[{"Key":{"Id":"NUnit.Seed","Label":"Seed","Category":"","Description":"","Attributes":0,"ValueType":"System.String"},"Value":"768504734"}]},"Attachments":[],"Outcome":1,"ErrorMessage":null,"ErrorStackTrace":null,"DisplayName":"IsIntegerValidationTest(\"3000\",0)","Messages":[],"ComputerName":"DECAGON","Duration":"00:00:00.0001610","StartTime":"2023-03-09T09:33:50.1113605+00:00","EndTime":"2023-03-09T09:33:50.1115213+00:00","Properties":[{"Key":{"Id":"NUnit.Seed","Label":"Seed","Category":"","Description":"","Attributes":0,"ValueType":"System.String"},"Value":"768504734"}]}],"TestRunStatistics":{"ExecutedTests":9,"Stats":{"Passed":8,"Failed":1}},"ActiveTests":[{"Id":"7e56df98-52a5-9e18-74d8-9b14fa8e2f3c","FullyQualifiedName":"BankAppNUnitTest.NUnitValidatiionClass.IsIntegerValidationTest(\"ty55\",0)","DisplayName":"IsIntegerValidationTest(\"ty55\",0)","ExecutorUri":"executor://NUnit3TestExecutor","Source":"C:\\Users\\Decadev\\Desktop\\My Weekly Task\\Bank Model\\BankAppNUnitTest\\bin\\Debug\\net7.0\\fine-code-coverage\\build-output\\BankAppNUnitTest.dll","CodeFilePath":null,"LineNumber":0,"Properties":[{"Key":{"Id":"NUnit.Seed","Label":"Seed","Category":"","Description":"","Attributes":0,"ValueType":"System.String"},"Value":"862315749"}]}]}}
TpTrace Verbose: 0 : 26208, 10, 2023/03/09, 10:33:50.313, 828553368554, vstest.console.dll, TestRunRequest:SendTestRunStatsChange: Starting.
TpTrace Verbose: 0 : 26208, 10, 2023/03/09, 10:33:50.314, 828553373412, vstest.console.dll, InProgress is IsIntegerValidationTest("ty55",0)
TpTrace Verbose: 0 : 26208, 10, 2023/03/09, 10:33:50.315, 828553380976, vstest.console.dll, MulticastDelegateUtilities.SafeInvoke: TestRun.RunStatsChanged: Invoking callbacks was skipped because there are no subscribers.
TpTrace Information: 0 : 26208, 10, 2023/03/09, 10:33:50.315, 828553381867, vstest.console.dll, TestRunRequest:SendTestRunStatsChange: Completed.
TpTrace Verbose: 0 : 26208, 10, 2023/03/09, 10:33:50.315, 828553382534, vstest.console.dll, MulticastDelegateUtilities.SafeInvoke: LengthPrefixCommunicationChannel: MessageReceived: Invoking callback 1/1 for Microsoft.VisualStudio.TestPlatform.CommunicationUtilities.TestRequestSender+<>c__DisplayClass31_0., took 46 ms.
TpTrace Verbose: 0 : 26208, 10, 2023/03/09, 10:33:50.315, 828553383330, vstest.console.dll, TcpClientExtensions.MessageLoopAsync: Polling on remoteEndPoint: 127.0.0.1:56011 localEndPoint: 127.0.0.1:56010
TpTrace Verbose: 0 : 26208, 10, 2023/03/09, 10:33:50.315, 828553384383, vstest.console.dll, TcpClientExtensions.MessageLoopAsync: NotifyDataAvailable remoteEndPoint: 127.0.0.1:56011 localEndPoint: 127.0.0.1:56010
TpTrace Verbose: 0 : 26208, 10, 2023/03/09, 10:33:50.315, 828553385361, vstest.console.dll, TestRequestSender.OnExecutionMessageReceived: Received message: {"Version":7,"MessageType":"TestSession.Message","Payload":{"MessageLevel":1,"Message":"Invalid account !\r\n"}}
TpTrace Verbose: 0 : 26208, 10, 2023/03/09, 10:33:50.315, 828553386834, vstest.console.dll, TestRunRequest:SendTestRunMessage: Starting.
TpTrace Verbose: 0 : 26208, 10, 2023/03/09, 10:33:50.315, 828553387736, vstest.console.dll, MulticastDelegateUtilities.SafeInvoke: TestRun.LogMessages: Invoking callback 1/1 for Microsoft.VisualStudio.TestPlatform.CommandLine.TestRunResultAggregator., took 0 ms.
TpTrace Information: 0 : 26208, 10, 2023/03/09, 10:33:50.315, 828553388542, vstest.console.dll, TestRunRequest:SendTestRunMessage: Completed.
TpTrace Verbose: 0 : 26208, 10, 2023/03/09, 10:33:50.315, 828553389015, vstest.console.dll, MulticastDelegateUtilities.SafeInvoke: LengthPrefixCommunicationChannel: MessageReceived: Invoking callback 1/1 for Microsoft.VisualStudio.TestPlatform.CommunicationUtilities.TestRequestSender+<>c__DisplayClass31_0., took 0 ms.
TpTrace Verbose: 0 : 26208, 10, 2023/03/09, 10:33:50.315, 828553389476, vstest.console.dll, TcpClientExtensions.MessageLoopAsync: Polling on remoteEndPoint: 127.0.0.1:56011 localEndPoint: 127.0.0.1:56010
TpTrace Verbose: 0 : 26208, 10, 2023/03/09, 10:33:50.316, 828553389973, vstest.console.dll, TcpClientExtensions.MessageLoopAsync: NotifyDataAvailable remoteEndPoint: 127.0.0.1:56011 localEndPoint: 127.0.0.1:56010
TpTrace Verbose: 0 : 26208, 10, 2023/03/09, 10:33:50.316, 828553390628, vstest.console.dll, TestRequestSender.OnExecutionMessageReceived: Received message: {"Version":7,"MessageType":"TestSession.Message","Payload":{"MessageLevel":1,"Message":"Invalid account !\r\n"}}
TpTrace Verbose: 0 : 26208, 10, 2023/03/09, 10:33:50.316, 828553391601, vstest.console.dll, TestRunRequest:SendTestRunMessage: Starting.
TpTrace Verbose: 0 : 26208, 10, 2023/03/09, 10:33:50.316, 828553392788, vstest.console.dll, MulticastDelegateUtilities.SafeInvoke: TestRun.LogMessages: Invoking callback 1/1 for Microsoft.VisualStudio.TestPlatform.CommandLine.TestRunResultAggregator., took 0 ms.
TpTrace Information: 0 : 26208, 10, 2023/03/09, 10:33:50.316, 828553393372, vstest.console.dll, TestRunRequest:SendTestRunMessage: Completed.
TpTrace Verbose: 0 : 26208, 10, 2023/03/09, 10:33:50.316, 828553393926, vstest.console.dll, MulticastDelegateUtilities.SafeInvoke: LengthPrefixCommunicationChannel: MessageReceived: Invoking callback 1/1 for Microsoft.VisualStudio.TestPlatform.CommunicationUtilities.TestRequestSender+<>c__DisplayClass31_0., took 0 ms.
TpTrace Verbose: 0 : 26208, 10, 2023/03/09, 10:33:50.316, 828553394464, vstest.console.dll, TcpClientExtensions.MessageLoopAsync: Polling on remoteEndPoint: 127.0.0.1:56011 localEndPoint: 127.0.0.1:56010
TpTrace Verbose: 0 : 26208, 4, 2023/03/09, 10:33:50.317, 828553406405, vstest.console.dll, MulticastDelegateUtilities.SafeInvoke: InternalTestLoggerEvents.SendTestResult: Invoking callback 1/1 for Microsoft.VisualStudio.TestPlatform.CommandLine.Internal.ConsoleLogger., took 2 ms.
TpTrace Verbose: 0 : 26208, 4, 2023/03/09, 10:33:50.318, 828553409604, vstest.console.dll, MulticastDelegateUtilities.SafeInvoke: InternalTestLoggerEvents.SendTestResult: Invoking callback 1/1 for Microsoft.VisualStudio.TestPlatform.CommandLine.Internal.ConsoleLogger., took 0 ms.
TpTrace Verbose: 0 : 26208, 4, 2023/03/09, 10:33:50.318, 828553410347, vstest.console.dll, MulticastDelegateUtilities.SafeInvoke: InternalTestLoggerEvents.SendTestResult: Invoking callback 1/1 for Microsoft.VisualStudio.TestPlatform.CommandLine.Internal.ConsoleLogger., took 0 ms.
TpTrace Verbose: 0 : 26208, 4, 2023/03/09, 10:33:50.318, 828553410794, vstest.console.dll, MulticastDelegateUtilities.SafeInvoke: InternalTestLoggerEvents.SendTestResult: Invoking callback 1/1 for Microsoft.VisualStudio.TestPlatform.CommandLine.Internal.ConsoleLogger., took 0 ms.
TpTrace Verbose: 0 : 26208, 4, 2023/03/09, 10:33:50.318, 828553411383, vstest.console.dll, MulticastDelegateUtilities.SafeInvoke: InternalTestLoggerEvents.SendTestResult: Invoking callback 1/1 for Microsoft.VisualStudio.TestPlatform.CommandLine.Internal.ConsoleLogger., took 0 ms.
TpTrace Verbose: 0 : 26208, 4, 2023/03/09, 10:33:50.318, 828553412114, vstest.console.dll, MulticastDelegateUtilities.SafeInvoke: InternalTestLoggerEvents.SendTestResult: Invoking callback 1/1 for Microsoft.VisualStudio.TestPlatform.CommandLine.Internal.ConsoleLogger., took 0 ms.
TpTrace Verbose: 0 : 26208, 4, 2023/03/09, 10:33:50.319, 828553422093, vstest.console.dll, MulticastDelegateUtilities.SafeInvoke: InternalTestLoggerEvents.SendTestResult: Invoking callback 1/1 for Microsoft.VisualStudio.TestPlatform.CommandLine.Internal.ConsoleLogger., took 0 ms.
TpTrace Verbose: 0 : 26208, 4, 2023/03/09, 10:33:50.319, 828553423776, vstest.console.dll, MulticastDelegateUtilities.SafeInvoke: InternalTestLoggerEvents.SendTestResult: Invoking callback 1/1 for Microsoft.VisualStudio.TestPlatform.CommandLine.Internal.ConsoleLogger., took 0 ms.
TpTrace Verbose: 0 : 26208, 4, 2023/03/09, 10:33:50.319, 828553424280, vstest.console.dll, MulticastDelegateUtilities.SafeInvoke: InternalTestLoggerEvents.SendTestResult: Invoking callback 1/1 for Microsoft.VisualStudio.TestPlatform.CommandLine.Internal.ConsoleLogger., took 0 ms.
TpTrace Verbose: 0 : 26208, 4, 2023/03/09, 10:33:50.319, 828553425182, vstest.console.dll, MulticastDelegateUtilities.SafeInvoke: InternalTestLoggerEvents.SendTestRunMessage: Invoking callback 1/1 for Microsoft.VisualStudio.TestPlatform.CommandLine.Internal.ConsoleLogger., took 0 ms.
TpTrace Verbose: 0 : 26208, 4, 2023/03/09, 10:33:50.319, 828553426079, vstest.console.dll, MulticastDelegateUtilities.SafeInvoke: InternalTestLoggerEvents.SendTestRunMessage: Invoking callback 1/1 for Microsoft.VisualStudio.TestPlatform.CommandLine.Internal.ConsoleLogger., took 0 ms.
TpTrace Verbose: 0 : 26208, 10, 2023/03/09, 10:33:50.321, 828553444817, vstest.console.dll, TcpClientExtensions.MessageLoopAsync: NotifyDataAvailable remoteEndPoint: 127.0.0.1:56011 localEndPoint: 127.0.0.1:56010
TpTrace Verbose: 0 : 26208, 10, 2023/03/09, 10:33:50.321, 828553446279, vstest.console.dll, TestRequestSender.OnExecutionMessageReceived: Received message: {"Version":7,"MessageType":"TestSession.Message","Payload":{"MessageLevel":0,"Message":"NUnit Adapter 4.4.0.0: Test execution complete"}}
TpTrace Verbose: 0 : 26208, 10, 2023/03/09, 10:33:50.321, 828553447571, vstest.console.dll, TestRunRequest:SendTestRunMessage: Starting.
TpTrace Verbose: 0 : 26208, 10, 2023/03/09, 10:33:50.321, 828553448204, vstest.console.dll, MulticastDelegateUtilities.SafeInvoke: TestRun.LogMessages: Invoking callback 1/1 for Microsoft.VisualStudio.TestPlatform.CommandLine.TestRunResultAggregator., took 0 ms.
TpTrace Information: 0 : 26208, 10, 2023/03/09, 10:33:50.321, 828553448776, vstest.console.dll, TestRunRequest:SendTestRunMessage: Completed.
TpTrace Verbose: 0 : 26208, 4, 2023/03/09, 10:33:50.321, 828553448744, vstest.console.dll, MulticastDelegateUtilities.SafeInvoke: InternalTestLoggerEvents.SendTestRunMessage: Invoking callback 1/1 for Microsoft.VisualStudio.TestPlatform.CommandLine.Internal.ConsoleLogger., took 0 ms.
TpTrace Verbose: 0 : 26208, 10, 2023/03/09, 10:33:50.321, 828553449045, vstest.console.dll, MulticastDelegateUtilities.SafeInvoke: LengthPrefixCommunicationChannel: MessageReceived: Invoking callback 1/1 for Microsoft.VisualStudio.TestPlatform.CommunicationUtilities.TestRequestSender+<>c__DisplayClass31_0., took 0 ms.
TpTrace Verbose: 0 : 26208, 10, 2023/03/09, 10:33:50.322, 828553450861, vstest.console.dll, TcpClientExtensions.MessageLoopAsync: Polling on remoteEndPoint: 127.0.0.1:56011 localEndPoint: 127.0.0.1:56010
TpTrace Verbose: 0 : 26208, 10, 2023/03/09, 10:33:50.349, 828553723470, vstest.console.dll, TcpClientExtensions.MessageLoopAsync: NotifyDataAvailable remoteEndPoint: 127.0.0.1:56011 localEndPoint: 127.0.0.1:56010
TpTrace Verbose: 0 : 26208, 10, 2023/03/09, 10:33:50.349, 828553726565, vstest.console.dll, TestRequestSender.OnExecutionMessageReceived: Received message: {"Version":7,"MessageType":"TestExecution.Completed","Payload":{"TestRunCompleteArgs":{"TestRunStatistics":{"ExecutedTests":16,"Stats":{"Passed":15,"Failed":1}},"IsCanceled":false,"IsAborted":false,"Error":null,"AttachmentSets":[],"InvokedDataCollectors":[],"ElapsedTimeInRunningTests":"00:00:00.5795402","Metrics":{},"DiscoveredExtensions":{"TestDiscoverers":["NUnit.VisualStudio.TestAdapter.NUnit3TestDiscoverer, NUnit3.TestAdapter, Version=4.4.0.0, Culture=neutral, PublicKeyToken=4cb40d35494691ac"],"TestExecutors":["executor://NUnit3TestExecutor"],"TestExecutors2":[],"TestSettingsProviders":[]}},"LastRunTests":{"NewTestResults":[{"TestCase":{"Id":"7e56df98-52a5-9e18-74d8-9b14fa8e2f3c","FullyQualifiedName":"BankAppNUnitTest.NUnitValidatiionClass.IsIntegerValidationTest(\"ty55\",0)","DisplayName":"IsIntegerValidationTest(\"ty55\",0)","ExecutorUri":"executor://NUnit3TestExecutor","Source":"C:\\Users\\Decadev\\Desktop\\My Weekly Task\\Bank Model\\BankAppNUnitTest\\bin\\Debug\\net7.0\\fine-code-coverage\\build-output\\BankAppNUnitTest.dll","CodeFilePath":null,"LineNumber":0,"Properties":[{"Key":{"Id":"NUnit.Seed","Label":"Seed","Category":"","Description":"","Attributes":0,"ValueType":"System.String"},"Value":"862315749"}]},"Attachments":[],"Outcome":1,"ErrorMessage":null,"ErrorStackTrace":null,"DisplayName":"IsIntegerValidationTest(\"ty55\",0)","Messages":[],"ComputerName":"DECAGON","Duration":"00:00:00.0002910","StartTime":"2023-03-09T09:33:50.1115331+00:00","EndTime":"2023-03-09T09:33:50.1118236+00:00","Properties":[{"Key":{"Id":"NUnit.Seed","Label":"Seed","Category":"","Description":"","Attributes":0,"ValueType":"System.String"},"Value":"862315749"}]},{"TestCase":{"Id":"afd017a5-a584-f94e-88ad-bcbb4e3c50b0","FullyQualifiedName":"BankAppNUnitTest.NUnitValidatiionClass.SearchAccountValidation(\"2011136798\")","DisplayName":"SearchAccountValidation(\"2011136798\")","ExecutorUri":"executor://NUnit3TestExecutor","Source":"C:\\Users\\Decadev\\Desktop\\My Weekly Task\\Bank Model\\BankAppNUnitTest\\bin\\Debug\\net7.0\\fine-code-coverage\\build-output\\BankAppNUnitTest.dll","CodeFilePath":null,"LineNumber":0,"Properties":[{"Key":{"Id":"NUnit.Seed","Label":"Seed","Category":"","Description":"","Attributes":0,"ValueType":"System.String"},"Value":"353973927"}]},"Attachments":[],"Outcome":1,"ErrorMessage":null,"ErrorStackTrace":null,"DisplayName":"SearchAccountValidation(\"2011136798\")","Messages":[],"ComputerName":"DECAGON","Duration":"00:00:00.0003570","StartTime":"2023-03-09T09:33:50.1118663+00:00","EndTime":"2023-03-09T09:33:50.1122227+00:00","Properties":[{"Key":{"Id":"NUnit.Seed","Label":"Seed","Category":"","Description":"","Attributes":0,"ValueType":"System.String"},"Value":"353973927"}]},{"TestCase":{"Id":"c5688afc-8a75-5257-6fd3-ed4e102291bc","FullyQualifiedName":"BankAppNUnitTest.NUnitValidatiionClass.SearchAccountValidation(\"201567812a\")","DisplayName":"SearchAccountValidation(\"201567812a\")","ExecutorUri":"executor://NUnit3TestExecutor","Source":"C:\\Users\\Decadev\\Desktop\\My Weekly Task\\Bank Model\\BankAppNUnitTest\\bin\\Debug\\net7.0\\fine-code-coverage\\build-output\\BankAppNUnitTest.dll","CodeFilePath":null,"LineNumber":0,"Properties":[{"Key":{"Id":"NUnit.Seed","Label":"Seed","Category":"","Description":"","Attributes":0,"ValueType":"System.String"},"Value":"1434938087"}]},"Attachments":[],"Outcome":1,"ErrorMessage":null,"ErrorStackTrace":null,"DisplayName":"SearchAccountValidation(\"201567812a\")","Messages":[{"Category":"StdOutMsgs","Text":"Invalid account !\r\n"}],"ComputerName":"DECAGON","Duration":"00:00:00.0004150","StartTime":"2023-03-09T09:33:50.1122535+00:00","EndTime":"2023-03-09T09:33:50.1126683+00:00","Properties":[{"Key":{"Id":"NUnit.Seed","Label":"Seed","Category":"","Description":"","Attributes":0,"ValueType":"System.String"},"Value":"1434938087"}]},{"TestCase":{"Id":"8a7f97b4-42ea-fe13-ab72-46a0fd7dd2f4","FullyQualifiedName":"BankAppNUnitTest.NUnitValidatiionClass.SearchAccountValidation(\"2015678\")","DisplayName":"SearchAccountValidation(\"2015678\")","ExecutorUri":"executor://NUnit3TestExecutor","Source":"C:\\Users\\Decadev\\Desktop\\My Weekly Task\\Bank Model\\BankAppNUnitTest\\bin\\Debug\\net7.0\\fine-code-coverage\\build-output\\BankAppNUnitTest.dll","CodeFilePath":null,"LineNumber":0,"Properties":[{"Key":{"Id":"NUnit.Seed","Label":"Seed","Category":"","Description":"","Attributes":0,"ValueType":"System.String"},"Value":"1982676595"}]},"Attachments":[],"Outcome":1,"ErrorMessage":null,"ErrorStackTrace":null,"DisplayName":"SearchAccountValidation(\"2015678\")","Messages":[{"Category":"StdOutMsgs","Text":"Invalid account !\r\n"}],"ComputerName":"DECAGON","Duration":"00:00:00.0000230","StartTime":"2023-03-09T09:33:50.1126829+00:00","EndTime":"2023-03-09T09:33:50.1127058+00:00","Properties":[{"Key":{"Id":"NUnit.Seed","Label":"Seed","Category":"","Description":"","Attributes":0,"ValueType":"System.String"},"Value":"1982676595"}]},{"TestCase":{"Id":"e664f50c-664c-c1a7-5ee0-980f6c55a0b1","FullyQualifiedName":"BankAppNUnitTest.NUnitValidatiionClass.TestIsDoubleInvalidInput","DisplayName":"TestIsDoubleInvalidInput","ExecutorUri":"executor://NUnit3TestExecutor","Source":"C:\\Users\\Decadev\\Desktop\\My Weekly Task\\Bank Model\\BankAppNUnitTest\\bin\\Debug\\net7.0\\fine-code-coverage\\build-output\\BankAppNUnitTest.dll","CodeFilePath":null,"LineNumber":0,"Properties":[{"Key":{"Id":"NUnit.Seed","Label":"Seed","Category":"","Description":"","Attributes":0,"ValueType":"System.String"},"Value":"813768748"}]},"Attachments":[],"Outcome":1,"ErrorMessage":null,"ErrorStackTrace":null,"DisplayName":"TestIsDoubleInvalidInput","Messages":[],"ComputerName":"DECAGON","Duration":"00:00:00.0005930","StartTime":"2023-03-09T09:33:50.1127364+00:00","EndTime":"2023-03-09T09:33:50.1133296+00:00","Properties":[{"Key":{"Id":"NUnit.Seed","Label":"Seed","Category":"","Description":"","Attributes":0,"ValueType":"System.String"},"Value":"813768748"}]},{"TestCase":{"Id":"82c3909b-f715-2d2e-375f-867fe2cd9f99","FullyQualifiedName":"BankAppNUnitTest.NUnitValidatiionClass.TestTransferValidationInsufficientFunds","DisplayName":"TestTransferValidationInsufficientFunds","ExecutorUri":"executor://NUnit3TestExecutor","Source":"C:\\Users\\Decadev\\Desktop\\My Weekly Task\\Bank Model\\BankAppNUnitTest\\bin\\Debug\\net7.0\\fine-code-coverage\\build-output\\BankAppNUnitTest.dll","CodeFilePath":null,"LineNumber":0,"Properties":[{"Key":{"Id":"NUnit.Seed","Label":"Seed","Category":"","Description":"","Attributes":0,"ValueType":"System.String"},"Value":"714017069"}]},"Attachments":[],"Outcome":1,"ErrorMessage":null,"ErrorStackTrace":null,"DisplayName":"TestTransferValidationInsufficientFunds","Messages":[],"ComputerName":"DECAGON","Duration":"00:00:00.0002560","StartTime":"2023-03-09T09:33:50.1133434+00:00","EndTime":"2023-03-09T09:33:50.1135988+00:00","Properties":[{"Key":{"Id":"NUnit.Seed","Label":"Seed","Category":"","Description":"","Attributes":0,"ValueType":"System.String"},"Value":"714017069"}]},{"TestCase":{"Id":"8b635832-ab9b-9d3c-086e-8fb8339aad14","FullyQualifiedName":"BankAppNUnitTest.NUnitValidatiionClass.TestTransferValidationValidInput","DisplayName":"TestTransferValidationValidInput","ExecutorUri":"executor://NUnit3TestExecutor","Source":"C:\\Users\\Decadev\\Desktop\\My Weekly Task\\Bank Model\\BankAppNUnitTest\\bin\\Debug\\net7.0\\fine-code-coverage\\build-output\\BankAppNUnitTest.dll","CodeFilePath":null,"LineNumber":0,"Properties":[{"Key":{"Id":"NUnit.Seed","Label":"Seed","Category":"","Description":"","Attributes":0,"ValueType":"System.String"},"Value":"956672595"}]},"Attachments":[],"Outcome":1,"ErrorMessage":null,"ErrorStackTrace":null,"DisplayName":"TestTransferValidationValidInput","Messages":[],"ComputerName":"DECAGON","Duration":"00:00:00.0001670","StartTime":"2023-03-09T09:33:50.1136105+00:00","EndTime":"2023-03-09T09:33:50.1137778+00:00","Properties":[{"Key":{"Id":"NUnit.Seed","Label":"Seed","Category":"","Description":"","Attributes":0,"ValueType":"System.String"},"Value":"956672595"}]}],"TestRunStatistics":{"ExecutedTests":16,"Stats":{"Passed":15,"Failed":1}},"ActiveTests":[]},"RunAttachments":[],"ExecutorUris":["executor://nunit3testexecutor/"]}}
TpTrace Verbose: 0 : 26208, 10, 2023/03/09, 10:33:50.349, 828553728069, vstest.console.dll, TestRequestSender.EndSession: Sending end session.
TpTrace Verbose: 0 : 26208, 10, 2023/03/09, 10:33:50.349, 828553729517, vstest.console.dll, ProxyOperationManager.Close: waiting for test host to exit for 100 ms
TpTrace Warning: 0 : 26208, 11, 2023/03/09, 10:33:50.396, 828554195505, vstest.console.dll, TestHostManagerCallbacks.ErrorReceivedCallback Test host standard error line: 
TpTrace Verbose: 0 : 26208, 11, 2023/03/09, 10:33:50.410, 828554331548, vstest.console.dll, TestHostProvider.ExitCallBack: Host exited starting callback.
TpTrace Information: 0 : 26208, 11, 2023/03/09, 10:33:50.410, 828554334987, vstest.console.dll, TestHostManagerCallbacks.ExitCallBack: Testhost processId: 26376 exited with exitcode: 0 error: ''
TpTrace Verbose: 0 : 26208, 11, 2023/03/09, 10:33:50.410, 828554335881, vstest.console.dll, DotnetTestHostManager.OnHostExited: invoking OnHostExited callback
TpTrace Verbose: 0 : 26208, 11, 2023/03/09, 10:33:50.410, 828554336801, vstest.console.dll, CrossPlatEngine.TestHostManagerHostExited: calling on client process exit callback.
TpTrace Information: 0 : 26208, 11, 2023/03/09, 10:33:50.410, 828554338447, vstest.console.dll, TestRequestSender.OnClientProcessExit: Test host process exited. Standard error: 
TpTrace Information: 0 : 26208, 11, 2023/03/09, 10:33:50.411, 828554339852, vstest.console.dll, SocketServer.Stop: Stop server endPoint: 127.0.0.1:56010
TpTrace Information: 0 : 26208, 11, 2023/03/09, 10:33:50.411, 828554340545, vstest.console.dll, SocketServer.Stop: Cancellation requested. Stopping message loop.
TpTrace Information: 0 : 26208, 10, 2023/03/09, 10:33:50.411, 828554341046, vstest.console.dll, SocketServer.Stop: Stop server endPoint: 127.0.0.1:56010
TpTrace Information: 0 : 26208, 10, 2023/03/09, 10:33:50.411, 828554342539, vstest.console.dll, SocketServer.Stop: Cancellation requested. Stopping message loop.
TpTrace Information: 0 : 26208, 10, 2023/03/09, 10:33:50.411, 828554343553, vstest.console.dll, Closing the connection
TpTrace Verbose: 0 : 26208, 11, 2023/03/09, 10:33:50.411, 828554342081, vstest.console.dll, MulticastDelegateUtilities.SafeInvoke: HostProviderEvents.OnHostExited: Invoking callback 1/1 for Microsoft.VisualStudio.TestPlatform.CrossPlatEngine.Client.ProxyOperationManager., took 0 ms.
TpTrace Verbose: 0 : 26208, 10, 2023/03/09, 10:33:50.412, 828554349700, vstest.console.dll, ProxyDataCollectionManager.InvokeDataCollectionServiceAction: Starting.
TpTrace Information: 0 : 26208, 10, 2023/03/09, 10:33:50.412, 828554350942, vstest.console.dll, ProxyDataCollectionManager.AfterTestRunEnd: Get attachment set and invoked data collectors processId: 12600 port: 56007
TpTrace Verbose: 0 : 26208, 10, 2023/03/09, 10:33:50.412, 828554351759, vstest.console.dll, DataCollectionRequestSender.SendAfterTestRunStartAndGetResult: Send AfterTestRunEnd message with isCancelled: False
TpTrace Verbose: 0 : 26208, 10, 2023/03/09, 10:33:50.428, 828554512601, vstest.console.dll, DataCollectionRequestSender.SendAfterTestRunStartAndGetResult: Received message: (DataCollection.AfterTestRunEndResult) -> {"MessageType":"DataCollection.AfterTestRunEndResult","Payload":{"AttachmentSets":[],"InvokedDataCollectors":[{"Uri":"datacollector://Microsoft/TestPlatform/Extensions/Blame/v1","FriendlyName":"Blame","AssemblyQualifiedName":"Microsoft.TestPlatform.Extensions.BlameDataCollector.BlameCollector, Microsoft.TestPlatform.Extensions.BlameDataCollector, Version=15.0.0.0, Culture=neutral, PublicKeyToken=b03f5f7f11d50a3a","FilePath":"C:\\Program Files\\dotnet\\sdk\\7.0.102\\Extensions\\Microsoft.TestPlatform.Extensions.BlameDataCollector.dll","HasAttachmentProcessor":false}],"Metrics":{}}}
TpTrace Information: 0 : 26208, 10, 2023/03/09, 10:33:50.436, 828554591934, vstest.console.dll, ProxyDataCollectionManager.InvokeDataCollectionServiceAction: Completed.
TpTrace Warning: 0 : 26208, 9, 2023/03/09, 10:33:50.455, 828554788082, vstest.console.dll, DataCollectionLauncher.ErrorReceivedCallback datacollector standard error line: 
TpTrace Information: 0 : 26208, 9, 2023/03/09, 10:33:50.464, 828554871997, vstest.console.dll, DataCollectionLauncher.ExitCallBack: Data collector exited with exitcode: 0 error: ''
TpTrace Verbose: 0 : 26208, 10, 2023/03/09, 10:33:50.503, 828555264796, vstest.console.dll, TestRunRequest:SendTestRunStatsChange: Starting.
TpTrace Verbose: 0 : 26208, 10, 2023/03/09, 10:33:50.503, 828555266797, vstest.console.dll, MulticastDelegateUtilities.SafeInvoke: TestRun.RunStatsChanged: Invoking callbacks was skipped because there are no subscribers.
TpTrace Information: 0 : 26208, 10, 2023/03/09, 10:33:50.503, 828555267400, vstest.console.dll, TestRunRequest:SendTestRunStatsChange: Completed.
TpTrace Verbose: 0 : 26208, 4, 2023/03/09, 10:33:50.503, 828555267859, vstest.console.dll, MulticastDelegateUtilities.SafeInvoke: InternalTestLoggerEvents.SendTestResult: Invoking callback 1/1 for Microsoft.VisualStudio.TestPlatform.CommandLine.Internal.ConsoleLogger., took 0 ms.
TpTrace Verbose: 0 : 26208, 4, 2023/03/09, 10:33:50.504, 828555269817, vstest.console.dll, MulticastDelegateUtilities.SafeInvoke: InternalTestLoggerEvents.SendTestResult: Invoking callback 1/1 for Microsoft.VisualStudio.TestPlatform.CommandLine.Internal.ConsoleLogger., took 0 ms.
TpTrace Verbose: 0 : 26208, 10, 2023/03/09, 10:33:50.504, 828555272439, vstest.console.dll, ParallelProxyExecutionManager: HandlePartialRunComplete: Total completed clients = 1, Run complete = True, Run canceled: False.
TpTrace Verbose: 0 : 26208, 4, 2023/03/09, 10:33:50.506, 828555291966, vstest.console.dll, MulticastDelegateUtilities.SafeInvoke: InternalTestLoggerEvents.SendTestResult: Invoking callback 1/1 for Microsoft.VisualStudio.TestPlatform.CommandLine.Internal.ConsoleLogger., took 2 ms.
TpTrace Verbose: 0 : 26208, 4, 2023/03/09, 10:33:50.506, 828555293757, vstest.console.dll, MulticastDelegateUtilities.SafeInvoke: InternalTestLoggerEvents.SendTestResult: Invoking callback 1/1 for Microsoft.VisualStudio.TestPlatform.CommandLine.Internal.ConsoleLogger., took 0 ms.
TpTrace Verbose: 0 : 26208, 4, 2023/03/09, 10:33:50.506, 828555294979, vstest.console.dll, MulticastDelegateUtilities.SafeInvoke: InternalTestLoggerEvents.SendTestResult: Invoking callback 1/1 for Microsoft.VisualStudio.TestPlatform.CommandLine.Internal.ConsoleLogger., took 0 ms.
TpTrace Verbose: 0 : 26208, 4, 2023/03/09, 10:33:50.506, 828555296296, vstest.console.dll, MulticastDelegateUtilities.SafeInvoke: InternalTestLoggerEvents.SendTestResult: Invoking callback 1/1 for Microsoft.VisualStudio.TestPlatform.CommandLine.Internal.ConsoleLogger., took 0 ms.
TpTrace Verbose: 0 : 26208, 4, 2023/03/09, 10:33:50.506, 828555297241, vstest.console.dll, MulticastDelegateUtilities.SafeInvoke: InternalTestLoggerEvents.SendTestResult: Invoking callback 1/1 for Microsoft.VisualStudio.TestPlatform.CommandLine.Internal.ConsoleLogger., took 0 ms.
TpTrace Verbose: 0 : 26208, 4, 2023/03/09, 10:33:50.519, 828555421106, vstest.console.dll, MulticastDelegateUtilities.SafeInvoke: InternalTestLoggerEvents.SendTestRunComplete: Invoking callback 1/2 for Microsoft.TestPlatform.Extensions.BlameDataCollector.BlameLogger., took 0 ms.
TpTrace Verbose: 0 : 26208, 4, 2023/03/09, 10:33:50.531, 828555548887, vstest.console.dll, MulticastDelegateUtilities.SafeInvoke: InternalTestLoggerEvents.SendTestRunComplete: Invoking callback 2/2 for Microsoft.VisualStudio.TestPlatform.CommandLine.Internal.ConsoleLogger., took 12 ms.
TpTrace Verbose: 0 : 26208, 10, 2023/03/09, 10:33:50.532, 828555554481, vstest.console.dll, TestRunRequest:TestRunComplete: Starting. IsAborted:False IsCanceled:False.
TpTrace Verbose: 0 : 26208, 10, 2023/03/09, 10:33:50.534, 828555572927, vstest.console.dll, TestLoggerManager.HandleTestRunComplete: Ignoring as the object is disposed.
TpTrace Verbose: 0 : 26208, 10, 2023/03/09, 10:33:50.534, 828555575934, vstest.console.dll, MulticastDelegateUtilities.SafeInvoke: TestRun.TestRunComplete: Invoking callback 1/2 for Microsoft.VisualStudio.TestPlatform.CommandLine.TestRunResultAggregator., took 0 ms.
TpTrace Verbose: 0 : 26208, 10, 2023/03/09, 10:33:50.534, 828555577586, vstest.console.dll, MulticastDelegateUtilities.SafeInvoke: TestRun.TestRunComplete: Invoking callback 2/2 for Microsoft.VisualStudio.TestPlatform.CommandLine.Processors.RunTestsArgumentExecutor+TestRunRequestEventsRegistrar., took 0 ms.
TpTrace Information: 0 : 26208, 10, 2023/03/09, 10:33:50.534, 828555578713, vstest.console.dll, TestRunRequest:TestRunComplete: Completed.
TpTrace Verbose: 0 : 26208, 10, 2023/03/09, 10:33:50.534, 828555579296, vstest.console.dll, TestRequestSender.SetOperationComplete: Setting operation complete.
TpTrace Information: 0 : 26208, 10, 2023/03/09, 10:33:50.535, 828555579651, vstest.console.dll, SocketServer.Stop: Stop server endPoint: 127.0.0.1:56010
TpTrace Information: 0 : 26208, 10, 2023/03/09, 10:33:50.535, 828555580020, vstest.console.dll, SocketServer.Stop: Cancellation requested. Stopping message loop.
TpTrace Verbose: 0 : 26208, 10, 2023/03/09, 10:33:50.535, 828555580381, vstest.console.dll, MulticastDelegateUtilities.SafeInvoke: LengthPrefixCommunicationChannel: MessageReceived: Invoking callback 1/1 for Microsoft.VisualStudio.TestPlatform.CommunicationUtilities.TestRequestSender+<>c__DisplayClass31_0., took 185 ms.
TpTrace Verbose: 0 : 26208, 1, 2023/03/09, 10:33:50.535, 828555580024, vstest.console.dll, TestRunRequest.Dispose: Starting.
TpTrace Information: 0 : 26208, 10, 2023/03/09, 10:33:50.535, 828555580739, vstest.console.dll, SocketServer.PrivateStop: Stopping server endPoint: 127.0.0.1:56010 error: 
TpTrace Information: 0 : 26208, 1, 2023/03/09, 10:33:50.535, 828555581735, vstest.console.dll, TestRunRequest.Dispose: Completed.
TpTrace Information: 0 : 26208, 1, 2023/03/09, 10:33:50.535, 828555582717, vstest.console.dll, TestRequestManager.RunTests: run tests completed.
TpTrace Information: 0 : 26208, 1, 2023/03/09, 10:33:50.535, 828555584687, vstest.console.dll, RunTestsArgumentProcessor:Execute: Test run is completed.
TpTrace Verbose: 0 : 26208, 10, 2023/03/09, 10:33:50.535, 828555587717, vstest.console.dll, LengthPrefixCommunicationChannel.Dispose: Dispose reader and writer.
TpTrace Verbose: 0 : 26208, 1, 2023/03/09, 10:33:50.535, 828555588048, vstest.console.dll, Executor.Execute: Exiting with exit code of 1
TpTrace Information: 0 : 26208, 10, 2023/03/09, 10:33:50.535, 828555588704, vstest.console.dll, SocketServer.Stop: Raise disconnected event endPoint: 127.0.0.1:56010 error: 
TpTrace Verbose: 0 : 26208, 10, 2023/03/09, 10:33:50.536, 828555592510, vstest.console.dll, TestRequestSender: OnTestRunAbort: Operation is already complete. Skip error message.
TpTrace Verbose: 0 : 26208, 10, 2023/03/09, 10:33:50.536, 828555593210, vstest.console.dll, MulticastDelegateUtilities.SafeInvoke: SocketServer: ClientDisconnected: Invoking callback 1/1 for Microsoft.VisualStudio.TestPlatform.CommunicationUtilities.TestRequestSender., took 0 ms.
TpTrace Verbose: 0 : 26208, 10, 2023/03/09, 10:33:50.536, 828555593876, vstest.console.dll, TcpClientExtensions.MessageLoopAsync: exiting MessageLoopAsync remoteEndPoint: 127.0.0.1:56011 localEndPoint: 127.0.0.1:56010
